

Started GET "/assets/rails.png" for 127.0.0.1 at 2012-11-30 00:36:57 -0500
Served asset /rails.png - 200 OK (8ms)


Started GET "/whatever" for 127.0.0.1 at 2012-11-30 00:37:02 -0500

ActionController::RoutingError (uninitialized constant EventController):
  activesupport (3.2.8) lib/active_support/inflector/methods.rb:230:in `block in constantize'
  activesupport (3.2.8) lib/active_support/inflector/methods.rb:229:in `each'
  activesupport (3.2.8) lib/active_support/inflector/methods.rb:229:in `constantize'
  actionpack (3.2.8) lib/action_dispatch/routing/route_set.rb:69:in `controller_reference'
  actionpack (3.2.8) lib/action_dispatch/routing/route_set.rb:54:in `controller'
  actionpack (3.2.8) lib/action_dispatch/routing/route_set.rb:32:in `call'
  journey (1.0.4) lib/journey/router.rb:68:in `block in call'
  journey (1.0.4) lib/journey/router.rb:56:in `each'
  journey (1.0.4) lib/journey/router.rb:56:in `call'
  actionpack (3.2.8) lib/action_dispatch/routing/route_set.rb:600:in `call'
  actionpack (3.2.8) lib/action_dispatch/middleware/best_standards_support.rb:17:in `call'
  rack (1.4.1) lib/rack/etag.rb:23:in `call'
  rack (1.4.1) lib/rack/conditionalget.rb:25:in `call'
  actionpack (3.2.8) lib/action_dispatch/middleware/head.rb:14:in `call'
  actionpack (3.2.8) lib/action_dispatch/middleware/params_parser.rb:21:in `call'
  actionpack (3.2.8) lib/action_dispatch/middleware/flash.rb:242:in `call'
  rack (1.4.1) lib/rack/session/abstract/id.rb:205:in `context'
  rack (1.4.1) lib/rack/session/abstract/id.rb:200:in `call'
  actionpack (3.2.8) lib/action_dispatch/middleware/cookies.rb:339:in `call'
  actionpack (3.2.8) lib/action_dispatch/middleware/callbacks.rb:28:in `block in call'
  activesupport (3.2.8) lib/active_support/callbacks.rb:405:in `_run__951201581348131128__call__617546282962793222__callbacks'
  activesupport (3.2.8) lib/active_support/callbacks.rb:405:in `__run_callback'
  activesupport (3.2.8) lib/active_support/callbacks.rb:385:in `_run_call_callbacks'
  activesupport (3.2.8) lib/active_support/callbacks.rb:81:in `run_callbacks'
  actionpack (3.2.8) lib/action_dispatch/middleware/callbacks.rb:27:in `call'
  actionpack (3.2.8) lib/action_dispatch/middleware/reloader.rb:65:in `call'
  actionpack (3.2.8) lib/action_dispatch/middleware/remote_ip.rb:31:in `call'
  actionpack (3.2.8) lib/action_dispatch/middleware/debug_exceptions.rb:16:in `call'
  actionpack (3.2.8) lib/action_dispatch/middleware/show_exceptions.rb:56:in `call'
  railties (3.2.8) lib/rails/rack/logger.rb:26:in `call_app'
  railties (3.2.8) lib/rails/rack/logger.rb:16:in `call'
  actionpack (3.2.8) lib/action_dispatch/middleware/request_id.rb:22:in `call'
  rack (1.4.1) lib/rack/methodoverride.rb:21:in `call'
  rack (1.4.1) lib/rack/runtime.rb:17:in `call'
  activesupport (3.2.8) lib/active_support/cache/strategy/local_cache.rb:72:in `call'
  rack (1.4.1) lib/rack/lock.rb:15:in `call'
  actionpack (3.2.8) lib/action_dispatch/middleware/static.rb:62:in `call'
  railties (3.2.8) lib/rails/engine.rb:479:in `call'
  railties (3.2.8) lib/rails/application.rb:223:in `call'
  rack (1.4.1) lib/rack/content_length.rb:14:in `call'
  railties (3.2.8) lib/rails/rack/log_tailer.rb:17:in `call'
  rack (1.4.1) lib/rack/handler/webrick.rb:59:in `service'
  /Users/ethagnawl/.rvm/rubies/ruby-1.9.3-p125/lib/ruby/1.9.1/webrick/httpserver.rb:138:in `service'
  /Users/ethagnawl/.rvm/rubies/ruby-1.9.3-p125/lib/ruby/1.9.1/webrick/httpserver.rb:94:in `run'
  /Users/ethagnawl/.rvm/rubies/ruby-1.9.3-p125/lib/ruby/1.9.1/webrick/server.rb:191:in `block in start_thread'


  Rendered /Users/ethagnawl/.rvm/gems/ruby-1.9.3-p125/gems/actionpack-3.2.8/lib/action_dispatch/middleware/templates/rescues/routing_error.erb within rescues/layout (3.0ms)


Started GET "/whatever" for 127.0.0.1 at 2012-11-30 00:40:03 -0500
Processing by EventsController#notify_participants as HTML
!!!!!!!!!!!!!! WOOFUCKINGHOO
Completed 500 Internal Server Error in 19ms

ActionView::MissingTemplate (Missing template events/notify_participants, application/notify_participants with {:locale=>[:en], :formats=>[:html], :handlers=>[:erb, :builder, :coffee]}. Searched in:
  * "/Users/ethagnawl/Desktop/projects/secret_santa/secret_santa/app/views"
):
  actionpack (3.2.8) lib/action_view/path_set.rb:58:in `find'
  actionpack (3.2.8) lib/action_view/lookup_context.rb:109:in `find'
  actionpack (3.2.8) lib/action_view/renderer/abstract_renderer.rb:3:in `find_template'
  actionpack (3.2.8) lib/action_view/renderer/template_renderer.rb:34:in `determine_template'
  actionpack (3.2.8) lib/action_view/renderer/template_renderer.rb:10:in `render'
  actionpack (3.2.8) lib/action_view/renderer/renderer.rb:36:in `render_template'
  actionpack (3.2.8) lib/action_view/renderer/renderer.rb:17:in `render'
  actionpack (3.2.8) lib/abstract_controller/rendering.rb:110:in `_render_template'
  actionpack (3.2.8) lib/action_controller/metal/streaming.rb:225:in `_render_template'
  actionpack (3.2.8) lib/abstract_controller/rendering.rb:103:in `render_to_body'
  actionpack (3.2.8) lib/action_controller/metal/renderers.rb:28:in `render_to_body'
  actionpack (3.2.8) lib/action_controller/metal/compatibility.rb:50:in `render_to_body'
  actionpack (3.2.8) lib/abstract_controller/rendering.rb:88:in `render'
  actionpack (3.2.8) lib/action_controller/metal/rendering.rb:16:in `render'
  actionpack (3.2.8) lib/action_controller/metal/instrumentation.rb:40:in `block (2 levels) in render'
  activesupport (3.2.8) lib/active_support/core_ext/benchmark.rb:5:in `block in ms'
  /Users/ethagnawl/.rvm/rubies/ruby-1.9.3-p125/lib/ruby/1.9.1/benchmark.rb:295:in `realtime'
  activesupport (3.2.8) lib/active_support/core_ext/benchmark.rb:5:in `ms'
  actionpack (3.2.8) lib/action_controller/metal/instrumentation.rb:40:in `block in render'
  actionpack (3.2.8) lib/action_controller/metal/instrumentation.rb:83:in `cleanup_view_runtime'
  actionpack (3.2.8) lib/action_controller/metal/instrumentation.rb:39:in `render'
  actionpack (3.2.8) lib/action_controller/metal/implicit_render.rb:10:in `default_render'
  actionpack (3.2.8) lib/action_controller/metal/implicit_render.rb:5:in `send_action'
  actionpack (3.2.8) lib/abstract_controller/base.rb:167:in `process_action'
  actionpack (3.2.8) lib/action_controller/metal/rendering.rb:10:in `process_action'
  actionpack (3.2.8) lib/abstract_controller/callbacks.rb:18:in `block in process_action'
  activesupport (3.2.8) lib/active_support/callbacks.rb:414:in `_run__4317208854217297059__process_action__2859060202483587743__callbacks'
  activesupport (3.2.8) lib/active_support/callbacks.rb:405:in `__run_callback'
  activesupport (3.2.8) lib/active_support/callbacks.rb:385:in `_run_process_action_callbacks'
  activesupport (3.2.8) lib/active_support/callbacks.rb:81:in `run_callbacks'
  actionpack (3.2.8) lib/abstract_controller/callbacks.rb:17:in `process_action'
  actionpack (3.2.8) lib/action_controller/metal/rescue.rb:29:in `process_action'
  actionpack (3.2.8) lib/action_controller/metal/instrumentation.rb:30:in `block in process_action'
  activesupport (3.2.8) lib/active_support/notifications.rb:123:in `block in instrument'
  activesupport (3.2.8) lib/active_support/notifications/instrumenter.rb:20:in `instrument'
  activesupport (3.2.8) lib/active_support/notifications.rb:123:in `instrument'
  actionpack (3.2.8) lib/action_controller/metal/instrumentation.rb:29:in `process_action'
  actionpack (3.2.8) lib/action_controller/metal/params_wrapper.rb:207:in `process_action'
  actionpack (3.2.8) lib/abstract_controller/base.rb:121:in `process'
  actionpack (3.2.8) lib/abstract_controller/rendering.rb:45:in `process'
  actionpack (3.2.8) lib/action_controller/metal.rb:203:in `dispatch'
  actionpack (3.2.8) lib/action_controller/metal/rack_delegation.rb:14:in `dispatch'
  actionpack (3.2.8) lib/action_controller/metal.rb:246:in `block in action'
  actionpack (3.2.8) lib/action_dispatch/routing/route_set.rb:73:in `call'
  actionpack (3.2.8) lib/action_dispatch/routing/route_set.rb:73:in `dispatch'
  actionpack (3.2.8) lib/action_dispatch/routing/route_set.rb:36:in `call'
  journey (1.0.4) lib/journey/router.rb:68:in `block in call'
  journey (1.0.4) lib/journey/router.rb:56:in `each'
  journey (1.0.4) lib/journey/router.rb:56:in `call'
  actionpack (3.2.8) lib/action_dispatch/routing/route_set.rb:600:in `call'
  actionpack (3.2.8) lib/action_dispatch/middleware/best_standards_support.rb:17:in `call'
  rack (1.4.1) lib/rack/etag.rb:23:in `call'
  rack (1.4.1) lib/rack/conditionalget.rb:25:in `call'
  actionpack (3.2.8) lib/action_dispatch/middleware/head.rb:14:in `call'
  actionpack (3.2.8) lib/action_dispatch/middleware/params_parser.rb:21:in `call'
  actionpack (3.2.8) lib/action_dispatch/middleware/flash.rb:242:in `call'
  rack (1.4.1) lib/rack/session/abstract/id.rb:205:in `context'
  rack (1.4.1) lib/rack/session/abstract/id.rb:200:in `call'
  actionpack (3.2.8) lib/action_dispatch/middleware/cookies.rb:339:in `call'
  actionpack (3.2.8) lib/action_dispatch/middleware/callbacks.rb:28:in `block in call'
  activesupport (3.2.8) lib/active_support/callbacks.rb:405:in `_run__2483696367816219935__call__1111672557122155267__callbacks'
  activesupport (3.2.8) lib/active_support/callbacks.rb:405:in `__run_callback'
  activesupport (3.2.8) lib/active_support/callbacks.rb:385:in `_run_call_callbacks'
  activesupport (3.2.8) lib/active_support/callbacks.rb:81:in `run_callbacks'
  actionpack (3.2.8) lib/action_dispatch/middleware/callbacks.rb:27:in `call'
  actionpack (3.2.8) lib/action_dispatch/middleware/reloader.rb:65:in `call'
  actionpack (3.2.8) lib/action_dispatch/middleware/remote_ip.rb:31:in `call'
  actionpack (3.2.8) lib/action_dispatch/middleware/debug_exceptions.rb:16:in `call'
  actionpack (3.2.8) lib/action_dispatch/middleware/show_exceptions.rb:56:in `call'
  railties (3.2.8) lib/rails/rack/logger.rb:26:in `call_app'
  railties (3.2.8) lib/rails/rack/logger.rb:16:in `call'
  actionpack (3.2.8) lib/action_dispatch/middleware/request_id.rb:22:in `call'
  rack (1.4.1) lib/rack/methodoverride.rb:21:in `call'
  rack (1.4.1) lib/rack/runtime.rb:17:in `call'
  activesupport (3.2.8) lib/active_support/cache/strategy/local_cache.rb:72:in `call'
  rack (1.4.1) lib/rack/lock.rb:15:in `call'
  actionpack (3.2.8) lib/action_dispatch/middleware/static.rb:62:in `call'
  railties (3.2.8) lib/rails/engine.rb:479:in `call'
  railties (3.2.8) lib/rails/application.rb:223:in `call'
  rack (1.4.1) lib/rack/content_length.rb:14:in `call'
  railties (3.2.8) lib/rails/rack/log_tailer.rb:17:in `call'
  rack (1.4.1) lib/rack/handler/webrick.rb:59:in `service'
  /Users/ethagnawl/.rvm/rubies/ruby-1.9.3-p125/lib/ruby/1.9.1/webrick/httpserver.rb:138:in `service'
  /Users/ethagnawl/.rvm/rubies/ruby-1.9.3-p125/lib/ruby/1.9.1/webrick/httpserver.rb:94:in `run'
  /Users/ethagnawl/.rvm/rubies/ruby-1.9.3-p125/lib/ruby/1.9.1/webrick/server.rb:191:in `block in start_thread'


  Rendered /Users/ethagnawl/.rvm/gems/ruby-1.9.3-p125/gems/actionpack-3.2.8/lib/action_dispatch/middleware/templates/rescues/missing_template.erb within rescues/layout (7.0ms)


Started GET "/whatever" for 127.0.0.1 at 2012-11-30 00:41:08 -0500
Processing by EventsController#notify_participants as HTML
!!!!!!!!!!!!!! WOOFUCKINGHOO
Completed 500 Internal Server Error in 3ms

ActionView::MissingTemplate (Missing template events/notify_participants, application/notify_participants with {:locale=>[:en], :formats=>[:html], :handlers=>[:erb, :builder, :coffee]}. Searched in:
  * "/Users/ethagnawl/Desktop/projects/secret_santa/secret_santa/app/views"
):
  actionpack (3.2.8) lib/action_view/path_set.rb:58:in `find'
  actionpack (3.2.8) lib/action_view/lookup_context.rb:109:in `find'
  actionpack (3.2.8) lib/action_view/renderer/abstract_renderer.rb:3:in `find_template'
  actionpack (3.2.8) lib/action_view/renderer/template_renderer.rb:34:in `determine_template'
  actionpack (3.2.8) lib/action_view/renderer/template_renderer.rb:10:in `render'
  actionpack (3.2.8) lib/action_view/renderer/renderer.rb:36:in `render_template'
  actionpack (3.2.8) lib/action_view/renderer/renderer.rb:17:in `render'
  actionpack (3.2.8) lib/abstract_controller/rendering.rb:110:in `_render_template'
  actionpack (3.2.8) lib/action_controller/metal/streaming.rb:225:in `_render_template'
  actionpack (3.2.8) lib/abstract_controller/rendering.rb:103:in `render_to_body'
  actionpack (3.2.8) lib/action_controller/metal/renderers.rb:28:in `render_to_body'
  actionpack (3.2.8) lib/action_controller/metal/compatibility.rb:50:in `render_to_body'
  actionpack (3.2.8) lib/abstract_controller/rendering.rb:88:in `render'
  actionpack (3.2.8) lib/action_controller/metal/rendering.rb:16:in `render'
  actionpack (3.2.8) lib/action_controller/metal/instrumentation.rb:40:in `block (2 levels) in render'
  activesupport (3.2.8) lib/active_support/core_ext/benchmark.rb:5:in `block in ms'
  /Users/ethagnawl/.rvm/rubies/ruby-1.9.3-p125/lib/ruby/1.9.1/benchmark.rb:295:in `realtime'
  activesupport (3.2.8) lib/active_support/core_ext/benchmark.rb:5:in `ms'
  actionpack (3.2.8) lib/action_controller/metal/instrumentation.rb:40:in `block in render'
  actionpack (3.2.8) lib/action_controller/metal/instrumentation.rb:83:in `cleanup_view_runtime'
  actionpack (3.2.8) lib/action_controller/metal/instrumentation.rb:39:in `render'
  actionpack (3.2.8) lib/action_controller/metal/implicit_render.rb:10:in `default_render'
  actionpack (3.2.8) lib/action_controller/metal/implicit_render.rb:5:in `send_action'
  actionpack (3.2.8) lib/abstract_controller/base.rb:167:in `process_action'
  actionpack (3.2.8) lib/action_controller/metal/rendering.rb:10:in `process_action'
  actionpack (3.2.8) lib/abstract_controller/callbacks.rb:18:in `block in process_action'
  activesupport (3.2.8) lib/active_support/callbacks.rb:414:in `_run__4317208854217297059__process_action__2859060202483587743__callbacks'
  activesupport (3.2.8) lib/active_support/callbacks.rb:405:in `__run_callback'
  activesupport (3.2.8) lib/active_support/callbacks.rb:385:in `_run_process_action_callbacks'
  activesupport (3.2.8) lib/active_support/callbacks.rb:81:in `run_callbacks'
  actionpack (3.2.8) lib/abstract_controller/callbacks.rb:17:in `process_action'
  actionpack (3.2.8) lib/action_controller/metal/rescue.rb:29:in `process_action'
  actionpack (3.2.8) lib/action_controller/metal/instrumentation.rb:30:in `block in process_action'
  activesupport (3.2.8) lib/active_support/notifications.rb:123:in `block in instrument'
  activesupport (3.2.8) lib/active_support/notifications/instrumenter.rb:20:in `instrument'
  activesupport (3.2.8) lib/active_support/notifications.rb:123:in `instrument'
  actionpack (3.2.8) lib/action_controller/metal/instrumentation.rb:29:in `process_action'
  actionpack (3.2.8) lib/action_controller/metal/params_wrapper.rb:207:in `process_action'
  actionpack (3.2.8) lib/abstract_controller/base.rb:121:in `process'
  actionpack (3.2.8) lib/abstract_controller/rendering.rb:45:in `process'
  actionpack (3.2.8) lib/action_controller/metal.rb:203:in `dispatch'
  actionpack (3.2.8) lib/action_controller/metal/rack_delegation.rb:14:in `dispatch'
  actionpack (3.2.8) lib/action_controller/metal.rb:246:in `block in action'
  actionpack (3.2.8) lib/action_dispatch/routing/route_set.rb:73:in `call'
  actionpack (3.2.8) lib/action_dispatch/routing/route_set.rb:73:in `dispatch'
  actionpack (3.2.8) lib/action_dispatch/routing/route_set.rb:36:in `call'
  journey (1.0.4) lib/journey/router.rb:68:in `block in call'
  journey (1.0.4) lib/journey/router.rb:56:in `each'
  journey (1.0.4) lib/journey/router.rb:56:in `call'
  actionpack (3.2.8) lib/action_dispatch/routing/route_set.rb:600:in `call'
  actionpack (3.2.8) lib/action_dispatch/middleware/best_standards_support.rb:17:in `call'
  rack (1.4.1) lib/rack/etag.rb:23:in `call'
  rack (1.4.1) lib/rack/conditionalget.rb:25:in `call'
  actionpack (3.2.8) lib/action_dispatch/middleware/head.rb:14:in `call'
  actionpack (3.2.8) lib/action_dispatch/middleware/params_parser.rb:21:in `call'
  actionpack (3.2.8) lib/action_dispatch/middleware/flash.rb:242:in `call'
  rack (1.4.1) lib/rack/session/abstract/id.rb:205:in `context'
  rack (1.4.1) lib/rack/session/abstract/id.rb:200:in `call'
  actionpack (3.2.8) lib/action_dispatch/middleware/cookies.rb:339:in `call'
  actionpack (3.2.8) lib/action_dispatch/middleware/callbacks.rb:28:in `block in call'
  activesupport (3.2.8) lib/active_support/callbacks.rb:405:in `_run__2483696367816219935__call__1111672557122155267__callbacks'
  activesupport (3.2.8) lib/active_support/callbacks.rb:405:in `__run_callback'
  activesupport (3.2.8) lib/active_support/callbacks.rb:385:in `_run_call_callbacks'
  activesupport (3.2.8) lib/active_support/callbacks.rb:81:in `run_callbacks'
  actionpack (3.2.8) lib/action_dispatch/middleware/callbacks.rb:27:in `call'
  actionpack (3.2.8) lib/action_dispatch/middleware/reloader.rb:65:in `call'
  actionpack (3.2.8) lib/action_dispatch/middleware/remote_ip.rb:31:in `call'
  actionpack (3.2.8) lib/action_dispatch/middleware/debug_exceptions.rb:16:in `call'
  actionpack (3.2.8) lib/action_dispatch/middleware/show_exceptions.rb:56:in `call'
  railties (3.2.8) lib/rails/rack/logger.rb:26:in `call_app'
  railties (3.2.8) lib/rails/rack/logger.rb:16:in `call'
  actionpack (3.2.8) lib/action_dispatch/middleware/request_id.rb:22:in `call'
  rack (1.4.1) lib/rack/methodoverride.rb:21:in `call'
  rack (1.4.1) lib/rack/runtime.rb:17:in `call'
  activesupport (3.2.8) lib/active_support/cache/strategy/local_cache.rb:72:in `call'
  rack (1.4.1) lib/rack/lock.rb:15:in `call'
  actionpack (3.2.8) lib/action_dispatch/middleware/static.rb:62:in `call'
  railties (3.2.8) lib/rails/engine.rb:479:in `call'
  railties (3.2.8) lib/rails/application.rb:223:in `call'
  rack (1.4.1) lib/rack/content_length.rb:14:in `call'
  railties (3.2.8) lib/rails/rack/log_tailer.rb:17:in `call'
  rack (1.4.1) lib/rack/handler/webrick.rb:59:in `service'
  /Users/ethagnawl/.rvm/rubies/ruby-1.9.3-p125/lib/ruby/1.9.1/webrick/httpserver.rb:138:in `service'
  /Users/ethagnawl/.rvm/rubies/ruby-1.9.3-p125/lib/ruby/1.9.1/webrick/httpserver.rb:94:in `run'
  /Users/ethagnawl/.rvm/rubies/ruby-1.9.3-p125/lib/ruby/1.9.1/webrick/server.rb:191:in `block in start_thread'


  Rendered /Users/ethagnawl/.rvm/gems/ruby-1.9.3-p125/gems/actionpack-3.2.8/lib/action_dispatch/middleware/templates/rescues/missing_template.erb within rescues/layout (0.8ms)


Started GET "/whatever" for 127.0.0.1 at 2012-11-30 00:41:10 -0500
Processing by EventsController#notify_participants as HTML
!!!!!!!!!!!!!! WOOFUCKINGHOO
Completed 500 Internal Server Error in 2ms

ActionView::MissingTemplate (Missing template events/notify_participants, application/notify_participants with {:locale=>[:en], :formats=>[:html], :handlers=>[:erb, :builder, :coffee]}. Searched in:
  * "/Users/ethagnawl/Desktop/projects/secret_santa/secret_santa/app/views"
):
  actionpack (3.2.8) lib/action_view/path_set.rb:58:in `find'
  actionpack (3.2.8) lib/action_view/lookup_context.rb:109:in `find'
  actionpack (3.2.8) lib/action_view/renderer/abstract_renderer.rb:3:in `find_template'
  actionpack (3.2.8) lib/action_view/renderer/template_renderer.rb:34:in `determine_template'
  actionpack (3.2.8) lib/action_view/renderer/template_renderer.rb:10:in `render'
  actionpack (3.2.8) lib/action_view/renderer/renderer.rb:36:in `render_template'
  actionpack (3.2.8) lib/action_view/renderer/renderer.rb:17:in `render'
  actionpack (3.2.8) lib/abstract_controller/rendering.rb:110:in `_render_template'
  actionpack (3.2.8) lib/action_controller/metal/streaming.rb:225:in `_render_template'
  actionpack (3.2.8) lib/abstract_controller/rendering.rb:103:in `render_to_body'
  actionpack (3.2.8) lib/action_controller/metal/renderers.rb:28:in `render_to_body'
  actionpack (3.2.8) lib/action_controller/metal/compatibility.rb:50:in `render_to_body'
  actionpack (3.2.8) lib/abstract_controller/rendering.rb:88:in `render'
  actionpack (3.2.8) lib/action_controller/metal/rendering.rb:16:in `render'
  actionpack (3.2.8) lib/action_controller/metal/instrumentation.rb:40:in `block (2 levels) in render'
  activesupport (3.2.8) lib/active_support/core_ext/benchmark.rb:5:in `block in ms'
  /Users/ethagnawl/.rvm/rubies/ruby-1.9.3-p125/lib/ruby/1.9.1/benchmark.rb:295:in `realtime'
  activesupport (3.2.8) lib/active_support/core_ext/benchmark.rb:5:in `ms'
  actionpack (3.2.8) lib/action_controller/metal/instrumentation.rb:40:in `block in render'
  actionpack (3.2.8) lib/action_controller/metal/instrumentation.rb:83:in `cleanup_view_runtime'
  actionpack (3.2.8) lib/action_controller/metal/instrumentation.rb:39:in `render'
  actionpack (3.2.8) lib/action_controller/metal/implicit_render.rb:10:in `default_render'
  actionpack (3.2.8) lib/action_controller/metal/implicit_render.rb:5:in `send_action'
  actionpack (3.2.8) lib/abstract_controller/base.rb:167:in `process_action'
  actionpack (3.2.8) lib/action_controller/metal/rendering.rb:10:in `process_action'
  actionpack (3.2.8) lib/abstract_controller/callbacks.rb:18:in `block in process_action'
  activesupport (3.2.8) lib/active_support/callbacks.rb:414:in `_run__4317208854217297059__process_action__2859060202483587743__callbacks'
  activesupport (3.2.8) lib/active_support/callbacks.rb:405:in `__run_callback'
  activesupport (3.2.8) lib/active_support/callbacks.rb:385:in `_run_process_action_callbacks'
  activesupport (3.2.8) lib/active_support/callbacks.rb:81:in `run_callbacks'
  actionpack (3.2.8) lib/abstract_controller/callbacks.rb:17:in `process_action'
  actionpack (3.2.8) lib/action_controller/metal/rescue.rb:29:in `process_action'
  actionpack (3.2.8) lib/action_controller/metal/instrumentation.rb:30:in `block in process_action'
  activesupport (3.2.8) lib/active_support/notifications.rb:123:in `block in instrument'
  activesupport (3.2.8) lib/active_support/notifications/instrumenter.rb:20:in `instrument'
  activesupport (3.2.8) lib/active_support/notifications.rb:123:in `instrument'
  actionpack (3.2.8) lib/action_controller/metal/instrumentation.rb:29:in `process_action'
  actionpack (3.2.8) lib/action_controller/metal/params_wrapper.rb:207:in `process_action'
  actionpack (3.2.8) lib/abstract_controller/base.rb:121:in `process'
  actionpack (3.2.8) lib/abstract_controller/rendering.rb:45:in `process'
  actionpack (3.2.8) lib/action_controller/metal.rb:203:in `dispatch'
  actionpack (3.2.8) lib/action_controller/metal/rack_delegation.rb:14:in `dispatch'
  actionpack (3.2.8) lib/action_controller/metal.rb:246:in `block in action'
  actionpack (3.2.8) lib/action_dispatch/routing/route_set.rb:73:in `call'
  actionpack (3.2.8) lib/action_dispatch/routing/route_set.rb:73:in `dispatch'
  actionpack (3.2.8) lib/action_dispatch/routing/route_set.rb:36:in `call'
  journey (1.0.4) lib/journey/router.rb:68:in `block in call'
  journey (1.0.4) lib/journey/router.rb:56:in `each'
  journey (1.0.4) lib/journey/router.rb:56:in `call'
  actionpack (3.2.8) lib/action_dispatch/routing/route_set.rb:600:in `call'
  actionpack (3.2.8) lib/action_dispatch/middleware/best_standards_support.rb:17:in `call'
  rack (1.4.1) lib/rack/etag.rb:23:in `call'
  rack (1.4.1) lib/rack/conditionalget.rb:25:in `call'
  actionpack (3.2.8) lib/action_dispatch/middleware/head.rb:14:in `call'
  actionpack (3.2.8) lib/action_dispatch/middleware/params_parser.rb:21:in `call'
  actionpack (3.2.8) lib/action_dispatch/middleware/flash.rb:242:in `call'
  rack (1.4.1) lib/rack/session/abstract/id.rb:205:in `context'
  rack (1.4.1) lib/rack/session/abstract/id.rb:200:in `call'
  actionpack (3.2.8) lib/action_dispatch/middleware/cookies.rb:339:in `call'
  actionpack (3.2.8) lib/action_dispatch/middleware/callbacks.rb:28:in `block in call'
  activesupport (3.2.8) lib/active_support/callbacks.rb:405:in `_run__2483696367816219935__call__1111672557122155267__callbacks'
  activesupport (3.2.8) lib/active_support/callbacks.rb:405:in `__run_callback'
  activesupport (3.2.8) lib/active_support/callbacks.rb:385:in `_run_call_callbacks'
  activesupport (3.2.8) lib/active_support/callbacks.rb:81:in `run_callbacks'
  actionpack (3.2.8) lib/action_dispatch/middleware/callbacks.rb:27:in `call'
  actionpack (3.2.8) lib/action_dispatch/middleware/reloader.rb:65:in `call'
  actionpack (3.2.8) lib/action_dispatch/middleware/remote_ip.rb:31:in `call'
  actionpack (3.2.8) lib/action_dispatch/middleware/debug_exceptions.rb:16:in `call'
  actionpack (3.2.8) lib/action_dispatch/middleware/show_exceptions.rb:56:in `call'
  railties (3.2.8) lib/rails/rack/logger.rb:26:in `call_app'
  railties (3.2.8) lib/rails/rack/logger.rb:16:in `call'
  actionpack (3.2.8) lib/action_dispatch/middleware/request_id.rb:22:in `call'
  rack (1.4.1) lib/rack/methodoverride.rb:21:in `call'
  rack (1.4.1) lib/rack/runtime.rb:17:in `call'
  activesupport (3.2.8) lib/active_support/cache/strategy/local_cache.rb:72:in `call'
  rack (1.4.1) lib/rack/lock.rb:15:in `call'
  actionpack (3.2.8) lib/action_dispatch/middleware/static.rb:62:in `call'
  railties (3.2.8) lib/rails/engine.rb:479:in `call'
  railties (3.2.8) lib/rails/application.rb:223:in `call'
  rack (1.4.1) lib/rack/content_length.rb:14:in `call'
  railties (3.2.8) lib/rails/rack/log_tailer.rb:17:in `call'
  rack (1.4.1) lib/rack/handler/webrick.rb:59:in `service'
  /Users/ethagnawl/.rvm/rubies/ruby-1.9.3-p125/lib/ruby/1.9.1/webrick/httpserver.rb:138:in `service'
  /Users/ethagnawl/.rvm/rubies/ruby-1.9.3-p125/lib/ruby/1.9.1/webrick/httpserver.rb:94:in `run'
  /Users/ethagnawl/.rvm/rubies/ruby-1.9.3-p125/lib/ruby/1.9.1/webrick/server.rb:191:in `block in start_thread'


  Rendered /Users/ethagnawl/.rvm/gems/ruby-1.9.3-p125/gems/actionpack-3.2.8/lib/action_dispatch/middleware/templates/rescues/missing_template.erb within rescues/layout (0.6ms)


Started GET "/whatever" for 127.0.0.1 at 2012-11-30 00:41:34 -0500
Processing by EventsController#notify_participants as HTML
!!!!!!!!!!!!!! WOOFUCKINGHOO
Completed 500 Internal Server Error in 2ms

ActionView::MissingTemplate (Missing template events/notify_participants, application/notify_participants with {:locale=>[:en], :formats=>[:html], :handlers=>[:erb, :builder, :coffee]}. Searched in:
  * "/Users/ethagnawl/Desktop/projects/secret_santa/secret_santa/app/views"
):
  actionpack (3.2.8) lib/action_view/path_set.rb:58:in `find'
  actionpack (3.2.8) lib/action_view/lookup_context.rb:109:in `find'
  actionpack (3.2.8) lib/action_view/renderer/abstract_renderer.rb:3:in `find_template'
  actionpack (3.2.8) lib/action_view/renderer/template_renderer.rb:34:in `determine_template'
  actionpack (3.2.8) lib/action_view/renderer/template_renderer.rb:10:in `render'
  actionpack (3.2.8) lib/action_view/renderer/renderer.rb:36:in `render_template'
  actionpack (3.2.8) lib/action_view/renderer/renderer.rb:17:in `render'
  actionpack (3.2.8) lib/abstract_controller/rendering.rb:110:in `_render_template'
  actionpack (3.2.8) lib/action_controller/metal/streaming.rb:225:in `_render_template'
  actionpack (3.2.8) lib/abstract_controller/rendering.rb:103:in `render_to_body'
  actionpack (3.2.8) lib/action_controller/metal/renderers.rb:28:in `render_to_body'
  actionpack (3.2.8) lib/action_controller/metal/compatibility.rb:50:in `render_to_body'
  actionpack (3.2.8) lib/abstract_controller/rendering.rb:88:in `render'
  actionpack (3.2.8) lib/action_controller/metal/rendering.rb:16:in `render'
  actionpack (3.2.8) lib/action_controller/metal/instrumentation.rb:40:in `block (2 levels) in render'
  activesupport (3.2.8) lib/active_support/core_ext/benchmark.rb:5:in `block in ms'
  /Users/ethagnawl/.rvm/rubies/ruby-1.9.3-p125/lib/ruby/1.9.1/benchmark.rb:295:in `realtime'
  activesupport (3.2.8) lib/active_support/core_ext/benchmark.rb:5:in `ms'
  actionpack (3.2.8) lib/action_controller/metal/instrumentation.rb:40:in `block in render'
  actionpack (3.2.8) lib/action_controller/metal/instrumentation.rb:83:in `cleanup_view_runtime'
  actionpack (3.2.8) lib/action_controller/metal/instrumentation.rb:39:in `render'
  actionpack (3.2.8) lib/action_controller/metal/implicit_render.rb:10:in `default_render'
  actionpack (3.2.8) lib/action_controller/metal/implicit_render.rb:5:in `send_action'
  actionpack (3.2.8) lib/abstract_controller/base.rb:167:in `process_action'
  actionpack (3.2.8) lib/action_controller/metal/rendering.rb:10:in `process_action'
  actionpack (3.2.8) lib/abstract_controller/callbacks.rb:18:in `block in process_action'
  activesupport (3.2.8) lib/active_support/callbacks.rb:414:in `_run__4317208854217297059__process_action__2859060202483587743__callbacks'
  activesupport (3.2.8) lib/active_support/callbacks.rb:405:in `__run_callback'
  activesupport (3.2.8) lib/active_support/callbacks.rb:385:in `_run_process_action_callbacks'
  activesupport (3.2.8) lib/active_support/callbacks.rb:81:in `run_callbacks'
  actionpack (3.2.8) lib/abstract_controller/callbacks.rb:17:in `process_action'
  actionpack (3.2.8) lib/action_controller/metal/rescue.rb:29:in `process_action'
  actionpack (3.2.8) lib/action_controller/metal/instrumentation.rb:30:in `block in process_action'
  activesupport (3.2.8) lib/active_support/notifications.rb:123:in `block in instrument'
  activesupport (3.2.8) lib/active_support/notifications/instrumenter.rb:20:in `instrument'
  activesupport (3.2.8) lib/active_support/notifications.rb:123:in `instrument'
  actionpack (3.2.8) lib/action_controller/metal/instrumentation.rb:29:in `process_action'
  actionpack (3.2.8) lib/action_controller/metal/params_wrapper.rb:207:in `process_action'
  actionpack (3.2.8) lib/abstract_controller/base.rb:121:in `process'
  actionpack (3.2.8) lib/abstract_controller/rendering.rb:45:in `process'
  actionpack (3.2.8) lib/action_controller/metal.rb:203:in `dispatch'
  actionpack (3.2.8) lib/action_controller/metal/rack_delegation.rb:14:in `dispatch'
  actionpack (3.2.8) lib/action_controller/metal.rb:246:in `block in action'
  actionpack (3.2.8) lib/action_dispatch/routing/route_set.rb:73:in `call'
  actionpack (3.2.8) lib/action_dispatch/routing/route_set.rb:73:in `dispatch'
  actionpack (3.2.8) lib/action_dispatch/routing/route_set.rb:36:in `call'
  journey (1.0.4) lib/journey/router.rb:68:in `block in call'
  journey (1.0.4) lib/journey/router.rb:56:in `each'
  journey (1.0.4) lib/journey/router.rb:56:in `call'
  actionpack (3.2.8) lib/action_dispatch/routing/route_set.rb:600:in `call'
  actionpack (3.2.8) lib/action_dispatch/middleware/best_standards_support.rb:17:in `call'
  rack (1.4.1) lib/rack/etag.rb:23:in `call'
  rack (1.4.1) lib/rack/conditionalget.rb:25:in `call'
  actionpack (3.2.8) lib/action_dispatch/middleware/head.rb:14:in `call'
  actionpack (3.2.8) lib/action_dispatch/middleware/params_parser.rb:21:in `call'
  actionpack (3.2.8) lib/action_dispatch/middleware/flash.rb:242:in `call'
  rack (1.4.1) lib/rack/session/abstract/id.rb:205:in `context'
  rack (1.4.1) lib/rack/session/abstract/id.rb:200:in `call'
  actionpack (3.2.8) lib/action_dispatch/middleware/cookies.rb:339:in `call'
  actionpack (3.2.8) lib/action_dispatch/middleware/callbacks.rb:28:in `block in call'
  activesupport (3.2.8) lib/active_support/callbacks.rb:405:in `_run__2483696367816219935__call__1111672557122155267__callbacks'
  activesupport (3.2.8) lib/active_support/callbacks.rb:405:in `__run_callback'
  activesupport (3.2.8) lib/active_support/callbacks.rb:385:in `_run_call_callbacks'
  activesupport (3.2.8) lib/active_support/callbacks.rb:81:in `run_callbacks'
  actionpack (3.2.8) lib/action_dispatch/middleware/callbacks.rb:27:in `call'
  actionpack (3.2.8) lib/action_dispatch/middleware/reloader.rb:65:in `call'
  actionpack (3.2.8) lib/action_dispatch/middleware/remote_ip.rb:31:in `call'
  actionpack (3.2.8) lib/action_dispatch/middleware/debug_exceptions.rb:16:in `call'
  actionpack (3.2.8) lib/action_dispatch/middleware/show_exceptions.rb:56:in `call'
  railties (3.2.8) lib/rails/rack/logger.rb:26:in `call_app'
  railties (3.2.8) lib/rails/rack/logger.rb:16:in `call'
  actionpack (3.2.8) lib/action_dispatch/middleware/request_id.rb:22:in `call'
  rack (1.4.1) lib/rack/methodoverride.rb:21:in `call'
  rack (1.4.1) lib/rack/runtime.rb:17:in `call'
  activesupport (3.2.8) lib/active_support/cache/strategy/local_cache.rb:72:in `call'
  rack (1.4.1) lib/rack/lock.rb:15:in `call'
  actionpack (3.2.8) lib/action_dispatch/middleware/static.rb:62:in `call'
  railties (3.2.8) lib/rails/engine.rb:479:in `call'
  railties (3.2.8) lib/rails/application.rb:223:in `call'
  rack (1.4.1) lib/rack/content_length.rb:14:in `call'
  railties (3.2.8) lib/rails/rack/log_tailer.rb:17:in `call'
  rack (1.4.1) lib/rack/handler/webrick.rb:59:in `service'
  /Users/ethagnawl/.rvm/rubies/ruby-1.9.3-p125/lib/ruby/1.9.1/webrick/httpserver.rb:138:in `service'
  /Users/ethagnawl/.rvm/rubies/ruby-1.9.3-p125/lib/ruby/1.9.1/webrick/httpserver.rb:94:in `run'
  /Users/ethagnawl/.rvm/rubies/ruby-1.9.3-p125/lib/ruby/1.9.1/webrick/server.rb:191:in `block in start_thread'


  Rendered /Users/ethagnawl/.rvm/gems/ruby-1.9.3-p125/gems/actionpack-3.2.8/lib/action_dispatch/middleware/templates/rescues/missing_template.erb within rescues/layout (0.6ms)


Started GET "/whatever" for 127.0.0.1 at 2012-11-30 00:41:36 -0500
Processing by EventsController#notify_participants as HTML
!!!!!!!!!!!!!! WOOFUCKINGHOO
Completed 500 Internal Server Error in 1ms

ActionView::MissingTemplate (Missing template events/notify_participants, application/notify_participants with {:locale=>[:en], :formats=>[:html], :handlers=>[:erb, :builder, :coffee]}. Searched in:
  * "/Users/ethagnawl/Desktop/projects/secret_santa/secret_santa/app/views"
):
  actionpack (3.2.8) lib/action_view/path_set.rb:58:in `find'
  actionpack (3.2.8) lib/action_view/lookup_context.rb:109:in `find'
  actionpack (3.2.8) lib/action_view/renderer/abstract_renderer.rb:3:in `find_template'
  actionpack (3.2.8) lib/action_view/renderer/template_renderer.rb:34:in `determine_template'
  actionpack (3.2.8) lib/action_view/renderer/template_renderer.rb:10:in `render'
  actionpack (3.2.8) lib/action_view/renderer/renderer.rb:36:in `render_template'
  actionpack (3.2.8) lib/action_view/renderer/renderer.rb:17:in `render'
  actionpack (3.2.8) lib/abstract_controller/rendering.rb:110:in `_render_template'
  actionpack (3.2.8) lib/action_controller/metal/streaming.rb:225:in `_render_template'
  actionpack (3.2.8) lib/abstract_controller/rendering.rb:103:in `render_to_body'
  actionpack (3.2.8) lib/action_controller/metal/renderers.rb:28:in `render_to_body'
  actionpack (3.2.8) lib/action_controller/metal/compatibility.rb:50:in `render_to_body'
  actionpack (3.2.8) lib/abstract_controller/rendering.rb:88:in `render'
  actionpack (3.2.8) lib/action_controller/metal/rendering.rb:16:in `render'
  actionpack (3.2.8) lib/action_controller/metal/instrumentation.rb:40:in `block (2 levels) in render'
  activesupport (3.2.8) lib/active_support/core_ext/benchmark.rb:5:in `block in ms'
  /Users/ethagnawl/.rvm/rubies/ruby-1.9.3-p125/lib/ruby/1.9.1/benchmark.rb:295:in `realtime'
  activesupport (3.2.8) lib/active_support/core_ext/benchmark.rb:5:in `ms'
  actionpack (3.2.8) lib/action_controller/metal/instrumentation.rb:40:in `block in render'
  actionpack (3.2.8) lib/action_controller/metal/instrumentation.rb:83:in `cleanup_view_runtime'
  actionpack (3.2.8) lib/action_controller/metal/instrumentation.rb:39:in `render'
  actionpack (3.2.8) lib/action_controller/metal/implicit_render.rb:10:in `default_render'
  actionpack (3.2.8) lib/action_controller/metal/implicit_render.rb:5:in `send_action'
  actionpack (3.2.8) lib/abstract_controller/base.rb:167:in `process_action'
  actionpack (3.2.8) lib/action_controller/metal/rendering.rb:10:in `process_action'
  actionpack (3.2.8) lib/abstract_controller/callbacks.rb:18:in `block in process_action'
  activesupport (3.2.8) lib/active_support/callbacks.rb:414:in `_run__4317208854217297059__process_action__2859060202483587743__callbacks'
  activesupport (3.2.8) lib/active_support/callbacks.rb:405:in `__run_callback'
  activesupport (3.2.8) lib/active_support/callbacks.rb:385:in `_run_process_action_callbacks'
  activesupport (3.2.8) lib/active_support/callbacks.rb:81:in `run_callbacks'
  actionpack (3.2.8) lib/abstract_controller/callbacks.rb:17:in `process_action'
  actionpack (3.2.8) lib/action_controller/metal/rescue.rb:29:in `process_action'
  actionpack (3.2.8) lib/action_controller/metal/instrumentation.rb:30:in `block in process_action'
  activesupport (3.2.8) lib/active_support/notifications.rb:123:in `block in instrument'
  activesupport (3.2.8) lib/active_support/notifications/instrumenter.rb:20:in `instrument'
  activesupport (3.2.8) lib/active_support/notifications.rb:123:in `instrument'
  actionpack (3.2.8) lib/action_controller/metal/instrumentation.rb:29:in `process_action'
  actionpack (3.2.8) lib/action_controller/metal/params_wrapper.rb:207:in `process_action'
  actionpack (3.2.8) lib/abstract_controller/base.rb:121:in `process'
  actionpack (3.2.8) lib/abstract_controller/rendering.rb:45:in `process'
  actionpack (3.2.8) lib/action_controller/metal.rb:203:in `dispatch'
  actionpack (3.2.8) lib/action_controller/metal/rack_delegation.rb:14:in `dispatch'
  actionpack (3.2.8) lib/action_controller/metal.rb:246:in `block in action'
  actionpack (3.2.8) lib/action_dispatch/routing/route_set.rb:73:in `call'
  actionpack (3.2.8) lib/action_dispatch/routing/route_set.rb:73:in `dispatch'
  actionpack (3.2.8) lib/action_dispatch/routing/route_set.rb:36:in `call'
  journey (1.0.4) lib/journey/router.rb:68:in `block in call'
  journey (1.0.4) lib/journey/router.rb:56:in `each'
  journey (1.0.4) lib/journey/router.rb:56:in `call'
  actionpack (3.2.8) lib/action_dispatch/routing/route_set.rb:600:in `call'
  actionpack (3.2.8) lib/action_dispatch/middleware/best_standards_support.rb:17:in `call'
  rack (1.4.1) lib/rack/etag.rb:23:in `call'
  rack (1.4.1) lib/rack/conditionalget.rb:25:in `call'
  actionpack (3.2.8) lib/action_dispatch/middleware/head.rb:14:in `call'
  actionpack (3.2.8) lib/action_dispatch/middleware/params_parser.rb:21:in `call'
  actionpack (3.2.8) lib/action_dispatch/middleware/flash.rb:242:in `call'
  rack (1.4.1) lib/rack/session/abstract/id.rb:205:in `context'
  rack (1.4.1) lib/rack/session/abstract/id.rb:200:in `call'
  actionpack (3.2.8) lib/action_dispatch/middleware/cookies.rb:339:in `call'
  actionpack (3.2.8) lib/action_dispatch/middleware/callbacks.rb:28:in `block in call'
  activesupport (3.2.8) lib/active_support/callbacks.rb:405:in `_run__2483696367816219935__call__1111672557122155267__callbacks'
  activesupport (3.2.8) lib/active_support/callbacks.rb:405:in `__run_callback'
  activesupport (3.2.8) lib/active_support/callbacks.rb:385:in `_run_call_callbacks'
  activesupport (3.2.8) lib/active_support/callbacks.rb:81:in `run_callbacks'
  actionpack (3.2.8) lib/action_dispatch/middleware/callbacks.rb:27:in `call'
  actionpack (3.2.8) lib/action_dispatch/middleware/reloader.rb:65:in `call'
  actionpack (3.2.8) lib/action_dispatch/middleware/remote_ip.rb:31:in `call'
  actionpack (3.2.8) lib/action_dispatch/middleware/debug_exceptions.rb:16:in `call'
  actionpack (3.2.8) lib/action_dispatch/middleware/show_exceptions.rb:56:in `call'
  railties (3.2.8) lib/rails/rack/logger.rb:26:in `call_app'
  railties (3.2.8) lib/rails/rack/logger.rb:16:in `call'
  actionpack (3.2.8) lib/action_dispatch/middleware/request_id.rb:22:in `call'
  rack (1.4.1) lib/rack/methodoverride.rb:21:in `call'
  rack (1.4.1) lib/rack/runtime.rb:17:in `call'
  activesupport (3.2.8) lib/active_support/cache/strategy/local_cache.rb:72:in `call'
  rack (1.4.1) lib/rack/lock.rb:15:in `call'
  actionpack (3.2.8) lib/action_dispatch/middleware/static.rb:62:in `call'
  railties (3.2.8) lib/rails/engine.rb:479:in `call'
  railties (3.2.8) lib/rails/application.rb:223:in `call'
  rack (1.4.1) lib/rack/content_length.rb:14:in `call'
  railties (3.2.8) lib/rails/rack/log_tailer.rb:17:in `call'
  rack (1.4.1) lib/rack/handler/webrick.rb:59:in `service'
  /Users/ethagnawl/.rvm/rubies/ruby-1.9.3-p125/lib/ruby/1.9.1/webrick/httpserver.rb:138:in `service'
  /Users/ethagnawl/.rvm/rubies/ruby-1.9.3-p125/lib/ruby/1.9.1/webrick/httpserver.rb:94:in `run'
  /Users/ethagnawl/.rvm/rubies/ruby-1.9.3-p125/lib/ruby/1.9.1/webrick/server.rb:191:in `block in start_thread'


  Rendered /Users/ethagnawl/.rvm/gems/ruby-1.9.3-p125/gems/actionpack-3.2.8/lib/action_dispatch/middleware/templates/rescues/missing_template.erb within rescues/layout (0.5ms)


Started GET "/events/new" for 127.0.0.1 at 2012-11-30 00:41:41 -0500

ActionController::RoutingError (No route matches [GET] "/events/new"):
  actionpack (3.2.8) lib/action_dispatch/middleware/debug_exceptions.rb:21:in `call'
  actionpack (3.2.8) lib/action_dispatch/middleware/show_exceptions.rb:56:in `call'
  railties (3.2.8) lib/rails/rack/logger.rb:26:in `call_app'
  railties (3.2.8) lib/rails/rack/logger.rb:16:in `call'
  actionpack (3.2.8) lib/action_dispatch/middleware/request_id.rb:22:in `call'
  rack (1.4.1) lib/rack/methodoverride.rb:21:in `call'
  rack (1.4.1) lib/rack/runtime.rb:17:in `call'
  activesupport (3.2.8) lib/active_support/cache/strategy/local_cache.rb:72:in `call'
  rack (1.4.1) lib/rack/lock.rb:15:in `call'
  actionpack (3.2.8) lib/action_dispatch/middleware/static.rb:62:in `call'
  railties (3.2.8) lib/rails/engine.rb:479:in `call'
  railties (3.2.8) lib/rails/application.rb:223:in `call'
  rack (1.4.1) lib/rack/content_length.rb:14:in `call'
  railties (3.2.8) lib/rails/rack/log_tailer.rb:17:in `call'
  rack (1.4.1) lib/rack/handler/webrick.rb:59:in `service'
  /Users/ethagnawl/.rvm/rubies/ruby-1.9.3-p125/lib/ruby/1.9.1/webrick/httpserver.rb:138:in `service'
  /Users/ethagnawl/.rvm/rubies/ruby-1.9.3-p125/lib/ruby/1.9.1/webrick/httpserver.rb:94:in `run'
  /Users/ethagnawl/.rvm/rubies/ruby-1.9.3-p125/lib/ruby/1.9.1/webrick/server.rb:191:in `block in start_thread'


  Rendered /Users/ethagnawl/.rvm/gems/ruby-1.9.3-p125/gems/actionpack-3.2.8/lib/action_dispatch/middleware/templates/rescues/routing_error.erb within rescues/layout (0.7ms)


Started GET "/events/new" for 127.0.0.1 at 2012-11-30 00:41:42 -0500

ActionController::RoutingError (No route matches [GET] "/events/new"):
  actionpack (3.2.8) lib/action_dispatch/middleware/debug_exceptions.rb:21:in `call'
  actionpack (3.2.8) lib/action_dispatch/middleware/show_exceptions.rb:56:in `call'
  railties (3.2.8) lib/rails/rack/logger.rb:26:in `call_app'
  railties (3.2.8) lib/rails/rack/logger.rb:16:in `call'
  actionpack (3.2.8) lib/action_dispatch/middleware/request_id.rb:22:in `call'
  rack (1.4.1) lib/rack/methodoverride.rb:21:in `call'
  rack (1.4.1) lib/rack/runtime.rb:17:in `call'
  activesupport (3.2.8) lib/active_support/cache/strategy/local_cache.rb:72:in `call'
  rack (1.4.1) lib/rack/lock.rb:15:in `call'
  actionpack (3.2.8) lib/action_dispatch/middleware/static.rb:62:in `call'
  railties (3.2.8) lib/rails/engine.rb:479:in `call'
  railties (3.2.8) lib/rails/application.rb:223:in `call'
  rack (1.4.1) lib/rack/content_length.rb:14:in `call'
  railties (3.2.8) lib/rails/rack/log_tailer.rb:17:in `call'
  rack (1.4.1) lib/rack/handler/webrick.rb:59:in `service'
  /Users/ethagnawl/.rvm/rubies/ruby-1.9.3-p125/lib/ruby/1.9.1/webrick/httpserver.rb:138:in `service'
  /Users/ethagnawl/.rvm/rubies/ruby-1.9.3-p125/lib/ruby/1.9.1/webrick/httpserver.rb:94:in `run'
  /Users/ethagnawl/.rvm/rubies/ruby-1.9.3-p125/lib/ruby/1.9.1/webrick/server.rb:191:in `block in start_thread'


  Rendered /Users/ethagnawl/.rvm/gems/ruby-1.9.3-p125/gems/actionpack-3.2.8/lib/action_dispatch/middleware/templates/rescues/routing_error.erb within rescues/layout (0.7ms)


Started GET "/events/new" for 127.0.0.1 at 2012-11-30 00:42:56 -0500
Processing by EventsController#new as HTML
Completed 500 Internal Server Error in 2ms

ActionView::MissingTemplate (Missing template events/new, application/new with {:locale=>[:en], :formats=>[:html], :handlers=>[:erb, :builder, :coffee]}. Searched in:
  * "/Users/ethagnawl/Desktop/projects/secret_santa/secret_santa/app/views"
):
  actionpack (3.2.8) lib/action_view/path_set.rb:58:in `find'
  actionpack (3.2.8) lib/action_view/lookup_context.rb:109:in `find'
  actionpack (3.2.8) lib/action_view/renderer/abstract_renderer.rb:3:in `find_template'
  actionpack (3.2.8) lib/action_view/renderer/template_renderer.rb:34:in `determine_template'
  actionpack (3.2.8) lib/action_view/renderer/template_renderer.rb:10:in `render'
  actionpack (3.2.8) lib/action_view/renderer/renderer.rb:36:in `render_template'
  actionpack (3.2.8) lib/action_view/renderer/renderer.rb:17:in `render'
  actionpack (3.2.8) lib/abstract_controller/rendering.rb:110:in `_render_template'
  actionpack (3.2.8) lib/action_controller/metal/streaming.rb:225:in `_render_template'
  actionpack (3.2.8) lib/abstract_controller/rendering.rb:103:in `render_to_body'
  actionpack (3.2.8) lib/action_controller/metal/renderers.rb:28:in `render_to_body'
  actionpack (3.2.8) lib/action_controller/metal/compatibility.rb:50:in `render_to_body'
  actionpack (3.2.8) lib/abstract_controller/rendering.rb:88:in `render'
  actionpack (3.2.8) lib/action_controller/metal/rendering.rb:16:in `render'
  actionpack (3.2.8) lib/action_controller/metal/instrumentation.rb:40:in `block (2 levels) in render'
  activesupport (3.2.8) lib/active_support/core_ext/benchmark.rb:5:in `block in ms'
  /Users/ethagnawl/.rvm/rubies/ruby-1.9.3-p125/lib/ruby/1.9.1/benchmark.rb:295:in `realtime'
  activesupport (3.2.8) lib/active_support/core_ext/benchmark.rb:5:in `ms'
  actionpack (3.2.8) lib/action_controller/metal/instrumentation.rb:40:in `block in render'
  actionpack (3.2.8) lib/action_controller/metal/instrumentation.rb:83:in `cleanup_view_runtime'
  actionpack (3.2.8) lib/action_controller/metal/instrumentation.rb:39:in `render'
  actionpack (3.2.8) lib/action_controller/metal/implicit_render.rb:10:in `default_render'
  actionpack (3.2.8) lib/action_controller/metal/implicit_render.rb:5:in `send_action'
  actionpack (3.2.8) lib/abstract_controller/base.rb:167:in `process_action'
  actionpack (3.2.8) lib/action_controller/metal/rendering.rb:10:in `process_action'
  actionpack (3.2.8) lib/abstract_controller/callbacks.rb:18:in `block in process_action'
  activesupport (3.2.8) lib/active_support/callbacks.rb:414:in `_run__4317208854217297059__process_action__1354978242737840404__callbacks'
  activesupport (3.2.8) lib/active_support/callbacks.rb:405:in `__run_callback'
  activesupport (3.2.8) lib/active_support/callbacks.rb:385:in `_run_process_action_callbacks'
  activesupport (3.2.8) lib/active_support/callbacks.rb:81:in `run_callbacks'
  actionpack (3.2.8) lib/abstract_controller/callbacks.rb:17:in `process_action'
  actionpack (3.2.8) lib/action_controller/metal/rescue.rb:29:in `process_action'
  actionpack (3.2.8) lib/action_controller/metal/instrumentation.rb:30:in `block in process_action'
  activesupport (3.2.8) lib/active_support/notifications.rb:123:in `block in instrument'
  activesupport (3.2.8) lib/active_support/notifications/instrumenter.rb:20:in `instrument'
  activesupport (3.2.8) lib/active_support/notifications.rb:123:in `instrument'
  actionpack (3.2.8) lib/action_controller/metal/instrumentation.rb:29:in `process_action'
  actionpack (3.2.8) lib/action_controller/metal/params_wrapper.rb:207:in `process_action'
  actionpack (3.2.8) lib/abstract_controller/base.rb:121:in `process'
  actionpack (3.2.8) lib/abstract_controller/rendering.rb:45:in `process'
  actionpack (3.2.8) lib/action_controller/metal.rb:203:in `dispatch'
  actionpack (3.2.8) lib/action_controller/metal/rack_delegation.rb:14:in `dispatch'
  actionpack (3.2.8) lib/action_controller/metal.rb:246:in `block in action'
  actionpack (3.2.8) lib/action_dispatch/routing/route_set.rb:73:in `call'
  actionpack (3.2.8) lib/action_dispatch/routing/route_set.rb:73:in `dispatch'
  actionpack (3.2.8) lib/action_dispatch/routing/route_set.rb:36:in `call'
  journey (1.0.4) lib/journey/router.rb:68:in `block in call'
  journey (1.0.4) lib/journey/router.rb:56:in `each'
  journey (1.0.4) lib/journey/router.rb:56:in `call'
  actionpack (3.2.8) lib/action_dispatch/routing/route_set.rb:600:in `call'
  actionpack (3.2.8) lib/action_dispatch/middleware/best_standards_support.rb:17:in `call'
  rack (1.4.1) lib/rack/etag.rb:23:in `call'
  rack (1.4.1) lib/rack/conditionalget.rb:25:in `call'
  actionpack (3.2.8) lib/action_dispatch/middleware/head.rb:14:in `call'
  actionpack (3.2.8) lib/action_dispatch/middleware/params_parser.rb:21:in `call'
  actionpack (3.2.8) lib/action_dispatch/middleware/flash.rb:242:in `call'
  rack (1.4.1) lib/rack/session/abstract/id.rb:205:in `context'
  rack (1.4.1) lib/rack/session/abstract/id.rb:200:in `call'
  actionpack (3.2.8) lib/action_dispatch/middleware/cookies.rb:339:in `call'
  actionpack (3.2.8) lib/action_dispatch/middleware/callbacks.rb:28:in `block in call'
  activesupport (3.2.8) lib/active_support/callbacks.rb:405:in `_run__2483696367816219935__call__1111672557122155267__callbacks'
  activesupport (3.2.8) lib/active_support/callbacks.rb:405:in `__run_callback'
  activesupport (3.2.8) lib/active_support/callbacks.rb:385:in `_run_call_callbacks'
  activesupport (3.2.8) lib/active_support/callbacks.rb:81:in `run_callbacks'
  actionpack (3.2.8) lib/action_dispatch/middleware/callbacks.rb:27:in `call'
  actionpack (3.2.8) lib/action_dispatch/middleware/reloader.rb:65:in `call'
  actionpack (3.2.8) lib/action_dispatch/middleware/remote_ip.rb:31:in `call'
  actionpack (3.2.8) lib/action_dispatch/middleware/debug_exceptions.rb:16:in `call'
  actionpack (3.2.8) lib/action_dispatch/middleware/show_exceptions.rb:56:in `call'
  railties (3.2.8) lib/rails/rack/logger.rb:26:in `call_app'
  railties (3.2.8) lib/rails/rack/logger.rb:16:in `call'
  actionpack (3.2.8) lib/action_dispatch/middleware/request_id.rb:22:in `call'
  rack (1.4.1) lib/rack/methodoverride.rb:21:in `call'
  rack (1.4.1) lib/rack/runtime.rb:17:in `call'
  activesupport (3.2.8) lib/active_support/cache/strategy/local_cache.rb:72:in `call'
  rack (1.4.1) lib/rack/lock.rb:15:in `call'
  actionpack (3.2.8) lib/action_dispatch/middleware/static.rb:62:in `call'
  railties (3.2.8) lib/rails/engine.rb:479:in `call'
  railties (3.2.8) lib/rails/application.rb:223:in `call'
  rack (1.4.1) lib/rack/content_length.rb:14:in `call'
  railties (3.2.8) lib/rails/rack/log_tailer.rb:17:in `call'
  rack (1.4.1) lib/rack/handler/webrick.rb:59:in `service'
  /Users/ethagnawl/.rvm/rubies/ruby-1.9.3-p125/lib/ruby/1.9.1/webrick/httpserver.rb:138:in `service'
  /Users/ethagnawl/.rvm/rubies/ruby-1.9.3-p125/lib/ruby/1.9.1/webrick/httpserver.rb:94:in `run'
  /Users/ethagnawl/.rvm/rubies/ruby-1.9.3-p125/lib/ruby/1.9.1/webrick/server.rb:191:in `block in start_thread'


  Rendered /Users/ethagnawl/.rvm/gems/ruby-1.9.3-p125/gems/actionpack-3.2.8/lib/action_dispatch/middleware/templates/rescues/missing_template.erb within rescues/layout (0.5ms)


Started GET "/events/new" for 127.0.0.1 at 2012-11-30 00:43:36 -0500
Processing by EventsController#new as HTML
  Rendered events/new.html.erb within layouts/application (0.4ms)
Compiled events.css  (13ms)  (pid 16637)
Compiled application.css  (25ms)  (pid 16637)
Compiled jquery.js  (3ms)  (pid 16637)
Compiled jquery_ujs.js  (0ms)  (pid 16637)
Compiled events.js  (361ms)  (pid 16637)
Compiled application.js  (428ms)  (pid 16637)
Completed 200 OK in 631ms (Views: 631.3ms)


Started GET "/assets/application.css?body=1" for 127.0.0.1 at 2012-11-30 00:43:37 -0500
Served asset /application.css - 200 OK (3ms)


Started GET "/assets/jquery.js?body=1" for 127.0.0.1 at 2012-11-30 00:43:37 -0500
Served asset /jquery.js - 200 OK (8ms)


Started GET "/assets/events.js?body=1" for 127.0.0.1 at 2012-11-30 00:43:37 -0500
Served asset /events.js - 200 OK (1ms)


Started GET "/assets/application.js?body=1" for 127.0.0.1 at 2012-11-30 00:43:37 -0500
Served asset /application.js - 200 OK (11ms)


Started GET "/assets/jquery_ujs.js?body=1" for 127.0.0.1 at 2012-11-30 00:43:37 -0500
Served asset /jquery_ujs.js - 200 OK (2ms)


Started GET "/assets/events.css?body=1" for 127.0.0.1 at 2012-11-30 00:43:37 -0500
Served asset /events.css - 200 OK (2ms)


Started GET "/events/new" for 127.0.0.1 at 2012-11-30 00:44:58 -0500
Processing by EventsController#new as HTML
Completed 500 Internal Server Error in 2ms

ActionView::MissingTemplate (Missing template events/new, application/new with {:locale=>[:en], :formats=>[:html], :handlers=>[:erb, :builder, :coffee]}. Searched in:
  * "/Users/ethagnawl/Desktop/projects/secret_santa/secret_santa/app/views"
):
  actionpack (3.2.8) lib/action_view/path_set.rb:58:in `find'
  actionpack (3.2.8) lib/action_view/lookup_context.rb:109:in `find'
  actionpack (3.2.8) lib/action_view/renderer/abstract_renderer.rb:3:in `find_template'
  actionpack (3.2.8) lib/action_view/renderer/template_renderer.rb:34:in `determine_template'
  actionpack (3.2.8) lib/action_view/renderer/template_renderer.rb:10:in `render'
  actionpack (3.2.8) lib/action_view/renderer/renderer.rb:36:in `render_template'
  actionpack (3.2.8) lib/action_view/renderer/renderer.rb:17:in `render'
  actionpack (3.2.8) lib/abstract_controller/rendering.rb:110:in `_render_template'
  actionpack (3.2.8) lib/action_controller/metal/streaming.rb:225:in `_render_template'
  actionpack (3.2.8) lib/abstract_controller/rendering.rb:103:in `render_to_body'
  actionpack (3.2.8) lib/action_controller/metal/renderers.rb:28:in `render_to_body'
  actionpack (3.2.8) lib/action_controller/metal/compatibility.rb:50:in `render_to_body'
  actionpack (3.2.8) lib/abstract_controller/rendering.rb:88:in `render'
  actionpack (3.2.8) lib/action_controller/metal/rendering.rb:16:in `render'
  actionpack (3.2.8) lib/action_controller/metal/instrumentation.rb:40:in `block (2 levels) in render'
  activesupport (3.2.8) lib/active_support/core_ext/benchmark.rb:5:in `block in ms'
  /Users/ethagnawl/.rvm/rubies/ruby-1.9.3-p125/lib/ruby/1.9.1/benchmark.rb:295:in `realtime'
  activesupport (3.2.8) lib/active_support/core_ext/benchmark.rb:5:in `ms'
  actionpack (3.2.8) lib/action_controller/metal/instrumentation.rb:40:in `block in render'
  actionpack (3.2.8) lib/action_controller/metal/instrumentation.rb:83:in `cleanup_view_runtime'
  actionpack (3.2.8) lib/action_controller/metal/instrumentation.rb:39:in `render'
  actionpack (3.2.8) lib/action_controller/metal/implicit_render.rb:10:in `default_render'
  actionpack (3.2.8) lib/action_controller/metal/implicit_render.rb:5:in `send_action'
  actionpack (3.2.8) lib/abstract_controller/base.rb:167:in `process_action'
  actionpack (3.2.8) lib/action_controller/metal/rendering.rb:10:in `process_action'
  actionpack (3.2.8) lib/abstract_controller/callbacks.rb:18:in `block in process_action'
  activesupport (3.2.8) lib/active_support/callbacks.rb:414:in `_run__4317208854217297059__process_action__1354978242737840404__callbacks'
  activesupport (3.2.8) lib/active_support/callbacks.rb:405:in `__run_callback'
  activesupport (3.2.8) lib/active_support/callbacks.rb:385:in `_run_process_action_callbacks'
  activesupport (3.2.8) lib/active_support/callbacks.rb:81:in `run_callbacks'
  actionpack (3.2.8) lib/abstract_controller/callbacks.rb:17:in `process_action'
  actionpack (3.2.8) lib/action_controller/metal/rescue.rb:29:in `process_action'
  actionpack (3.2.8) lib/action_controller/metal/instrumentation.rb:30:in `block in process_action'
  activesupport (3.2.8) lib/active_support/notifications.rb:123:in `block in instrument'
  activesupport (3.2.8) lib/active_support/notifications/instrumenter.rb:20:in `instrument'
  activesupport (3.2.8) lib/active_support/notifications.rb:123:in `instrument'
  actionpack (3.2.8) lib/action_controller/metal/instrumentation.rb:29:in `process_action'
  actionpack (3.2.8) lib/action_controller/metal/params_wrapper.rb:207:in `process_action'
  actionpack (3.2.8) lib/abstract_controller/base.rb:121:in `process'
  actionpack (3.2.8) lib/abstract_controller/rendering.rb:45:in `process'
  actionpack (3.2.8) lib/action_controller/metal.rb:203:in `dispatch'
  actionpack (3.2.8) lib/action_controller/metal/rack_delegation.rb:14:in `dispatch'
  actionpack (3.2.8) lib/action_controller/metal.rb:246:in `block in action'
  actionpack (3.2.8) lib/action_dispatch/routing/route_set.rb:73:in `call'
  actionpack (3.2.8) lib/action_dispatch/routing/route_set.rb:73:in `dispatch'
  actionpack (3.2.8) lib/action_dispatch/routing/route_set.rb:36:in `call'
  journey (1.0.4) lib/journey/router.rb:68:in `block in call'
  journey (1.0.4) lib/journey/router.rb:56:in `each'
  journey (1.0.4) lib/journey/router.rb:56:in `call'
  actionpack (3.2.8) lib/action_dispatch/routing/route_set.rb:600:in `call'
  actionpack (3.2.8) lib/action_dispatch/middleware/best_standards_support.rb:17:in `call'
  rack (1.4.1) lib/rack/etag.rb:23:in `call'
  rack (1.4.1) lib/rack/conditionalget.rb:25:in `call'
  actionpack (3.2.8) lib/action_dispatch/middleware/head.rb:14:in `call'
  actionpack (3.2.8) lib/action_dispatch/middleware/params_parser.rb:21:in `call'
  actionpack (3.2.8) lib/action_dispatch/middleware/flash.rb:242:in `call'
  rack (1.4.1) lib/rack/session/abstract/id.rb:205:in `context'
  rack (1.4.1) lib/rack/session/abstract/id.rb:200:in `call'
  actionpack (3.2.8) lib/action_dispatch/middleware/cookies.rb:339:in `call'
  actionpack (3.2.8) lib/action_dispatch/middleware/callbacks.rb:28:in `block in call'
  activesupport (3.2.8) lib/active_support/callbacks.rb:405:in `_run__2483696367816219935__call__1111672557122155267__callbacks'
  activesupport (3.2.8) lib/active_support/callbacks.rb:405:in `__run_callback'
  activesupport (3.2.8) lib/active_support/callbacks.rb:385:in `_run_call_callbacks'
  activesupport (3.2.8) lib/active_support/callbacks.rb:81:in `run_callbacks'
  actionpack (3.2.8) lib/action_dispatch/middleware/callbacks.rb:27:in `call'
  actionpack (3.2.8) lib/action_dispatch/middleware/reloader.rb:65:in `call'
  actionpack (3.2.8) lib/action_dispatch/middleware/remote_ip.rb:31:in `call'
  actionpack (3.2.8) lib/action_dispatch/middleware/debug_exceptions.rb:16:in `call'
  actionpack (3.2.8) lib/action_dispatch/middleware/show_exceptions.rb:56:in `call'
  railties (3.2.8) lib/rails/rack/logger.rb:26:in `call_app'
  railties (3.2.8) lib/rails/rack/logger.rb:16:in `call'
  actionpack (3.2.8) lib/action_dispatch/middleware/request_id.rb:22:in `call'
  rack (1.4.1) lib/rack/methodoverride.rb:21:in `call'
  rack (1.4.1) lib/rack/runtime.rb:17:in `call'
  activesupport (3.2.8) lib/active_support/cache/strategy/local_cache.rb:72:in `call'
  rack (1.4.1) lib/rack/lock.rb:15:in `call'
  actionpack (3.2.8) lib/action_dispatch/middleware/static.rb:62:in `call'
  railties (3.2.8) lib/rails/engine.rb:479:in `call'
  railties (3.2.8) lib/rails/application.rb:223:in `call'
  rack (1.4.1) lib/rack/content_length.rb:14:in `call'
  railties (3.2.8) lib/rails/rack/log_tailer.rb:17:in `call'
  rack (1.4.1) lib/rack/handler/webrick.rb:59:in `service'
  /Users/ethagnawl/.rvm/rubies/ruby-1.9.3-p125/lib/ruby/1.9.1/webrick/httpserver.rb:138:in `service'
  /Users/ethagnawl/.rvm/rubies/ruby-1.9.3-p125/lib/ruby/1.9.1/webrick/httpserver.rb:94:in `run'
  /Users/ethagnawl/.rvm/rubies/ruby-1.9.3-p125/lib/ruby/1.9.1/webrick/server.rb:191:in `block in start_thread'


  Rendered /Users/ethagnawl/.rvm/gems/ruby-1.9.3-p125/gems/actionpack-3.2.8/lib/action_dispatch/middleware/templates/rescues/missing_template.erb within rescues/layout (0.6ms)


Started GET "/events/new" for 127.0.0.1 at 2012-11-30 00:48:35 -0500
Processing by EventsController#new as HTML
  Rendered events/new.html.haml within layouts/application (11.8ms)
Completed 500 Internal Server Error in 22ms

ActionView::Template::Error (undefined method `javascript_script_tag' for #<#<Class:0x007f8209239d20>:0x007f8209f55630>):
    19:     %script{ :src => '//ajax.googleapis.com/ajax/libs/jquery/1.8.3/jquery.min.js' }
    20:     %script{ :src => '//cdnjs.cloudflare.com/ajax/libs/mustache.js/0.7.0/mustache.min.js' }
    21:     %script{ :src => '//cdnjs.cloudflare.com/ajax/libs/underscore.js/1.4.2/underscore-min.js' }
    22:     = javascript_script_tag '/javascripts/secret_santa.js'
  app/views/events/new.html.haml:22:in `_app_views_events_new_html_haml___266716220701459738_70098238587640'


  Rendered /Users/ethagnawl/.rvm/gems/ruby-1.9.3-p125/gems/actionpack-3.2.8/lib/action_dispatch/middleware/templates/rescues/_trace.erb (1.7ms)
  Rendered /Users/ethagnawl/.rvm/gems/ruby-1.9.3-p125/gems/actionpack-3.2.8/lib/action_dispatch/middleware/templates/rescues/_request_and_response.erb (1.2ms)
  Rendered /Users/ethagnawl/.rvm/gems/ruby-1.9.3-p125/gems/actionpack-3.2.8/lib/action_dispatch/middleware/templates/rescues/template_error.erb within rescues/layout (17.2ms)


Started GET "/events/new" for 127.0.0.1 at 2012-11-30 00:49:36 -0500
Processing by EventsController#new as HTML
Compiled secret_santa.js  (285ms)  (pid 16800)
Compiled application.js  (309ms)  (pid 16800)
  Rendered events/new.html.haml within layouts/application (357.0ms)
Completed 200 OK in 371ms (Views: 370.6ms)


Started GET "/assets/application.css?body=1" for 127.0.0.1 at 2012-11-30 00:49:36 -0500
Served asset /application.css - 304 Not Modified (4ms)


Started GET "/assets/jquery.js?body=1" for 127.0.0.1 at 2012-11-30 00:49:37 -0500
Served asset /jquery.js - 304 Not Modified (6ms)


Started GET "/assets/events.css?body=1" for 127.0.0.1 at 2012-11-30 00:49:37 -0500
Served asset /events.css - 304 Not Modified (1ms)


Started GET "/assets/jquery_ujs.js?body=1" for 127.0.0.1 at 2012-11-30 00:49:37 -0500
Served asset /jquery_ujs.js - 304 Not Modified (3ms)


Started GET "/assets/events.js?body=1" for 127.0.0.1 at 2012-11-30 00:49:37 -0500
Served asset /events.js - 304 Not Modified (1ms)


Started GET "/assets/secret_santa.js?body=1" for 127.0.0.1 at 2012-11-30 00:49:37 -0500
Served asset /secret_santa.js - 200 OK (5ms)


Started GET "/assets/application.js?body=1" for 127.0.0.1 at 2012-11-30 00:49:37 -0500
Served asset /application.js - 304 Not Modified (9ms)


Started GET "/events/new" for 127.0.0.1 at 2012-11-30 01:13:59 -0500
Processing by EventsController#new as HTML
  Rendered events/new.html.haml within layouts/application (3.0ms)
Completed 200 OK in 12ms (Views: 11.6ms)


Started GET "/assets/application.css?body=1" for 127.0.0.1 at 2012-11-30 01:14:00 -0500
Served asset /application.css - 304 Not Modified (0ms)


Started GET "/assets/events.css?body=1" for 127.0.0.1 at 2012-11-30 01:14:00 -0500
Served asset /events.css - 304 Not Modified (0ms)


Started GET "/assets/jquery.js?body=1" for 127.0.0.1 at 2012-11-30 01:14:00 -0500
Served asset /jquery.js - 304 Not Modified (0ms)


Started GET "/assets/events.js?body=1" for 127.0.0.1 at 2012-11-30 01:14:00 -0500
Served asset /events.js - 304 Not Modified (0ms)


Started GET "/assets/jquery_ujs.js?body=1" for 127.0.0.1 at 2012-11-30 01:14:00 -0500
Served asset /jquery_ujs.js - 304 Not Modified (0ms)


Started GET "/assets/secret_santa.js?body=1" for 127.0.0.1 at 2012-11-30 01:14:00 -0500
Served asset /secret_santa.js - 304 Not Modified (0ms)


Started GET "/assets/application.js?body=1" for 127.0.0.1 at 2012-11-30 01:14:00 -0500
Served asset /application.js - 304 Not Modified (0ms)


Started POST "/notify-participants" for 127.0.0.1 at 2012-11-30 01:14:18 -0500

ActionController::RoutingError (No route matches [POST] "/notify-participants"):
  actionpack (3.2.8) lib/action_dispatch/middleware/debug_exceptions.rb:21:in `call'
  actionpack (3.2.8) lib/action_dispatch/middleware/show_exceptions.rb:56:in `call'
  railties (3.2.8) lib/rails/rack/logger.rb:26:in `call_app'
  railties (3.2.8) lib/rails/rack/logger.rb:16:in `call'
  actionpack (3.2.8) lib/action_dispatch/middleware/request_id.rb:22:in `call'
  rack (1.4.1) lib/rack/methodoverride.rb:21:in `call'
  rack (1.4.1) lib/rack/runtime.rb:17:in `call'
  activesupport (3.2.8) lib/active_support/cache/strategy/local_cache.rb:72:in `call'
  rack (1.4.1) lib/rack/lock.rb:15:in `call'
  actionpack (3.2.8) lib/action_dispatch/middleware/static.rb:62:in `call'
  railties (3.2.8) lib/rails/engine.rb:479:in `call'
  railties (3.2.8) lib/rails/application.rb:223:in `call'
  rack (1.4.1) lib/rack/content_length.rb:14:in `call'
  railties (3.2.8) lib/rails/rack/log_tailer.rb:17:in `call'
  rack (1.4.1) lib/rack/handler/webrick.rb:59:in `service'
  /Users/ethagnawl/.rvm/rubies/ruby-1.9.3-p125/lib/ruby/1.9.1/webrick/httpserver.rb:138:in `service'
  /Users/ethagnawl/.rvm/rubies/ruby-1.9.3-p125/lib/ruby/1.9.1/webrick/httpserver.rb:94:in `run'
  /Users/ethagnawl/.rvm/rubies/ruby-1.9.3-p125/lib/ruby/1.9.1/webrick/server.rb:191:in `block in start_thread'


  Rendered /Users/ethagnawl/.rvm/gems/ruby-1.9.3-p125/gems/actionpack-3.2.8/lib/action_dispatch/middleware/templates/rescues/routing_error.erb within rescues/layout (0.9ms)


Started GET "/events/new" for 127.0.0.1 at 2012-11-30 01:14:40 -0500
Processing by EventsController#new as HTML
  Rendered events/new.html.haml within layouts/application (3.0ms)
Completed 200 OK in 11ms (Views: 10.1ms)


Started GET "/assets/application.css?body=1" for 127.0.0.1 at 2012-11-30 01:14:40 -0500
Served asset /application.css - 304 Not Modified (0ms)


Started GET "/assets/events.css?body=1" for 127.0.0.1 at 2012-11-30 01:14:40 -0500
Served asset /events.css - 304 Not Modified (0ms)


Started GET "/assets/events.js?body=1" for 127.0.0.1 at 2012-11-30 01:14:40 -0500
Served asset /events.js - 304 Not Modified (0ms)


Started GET "/assets/jquery.js?body=1" for 127.0.0.1 at 2012-11-30 01:14:40 -0500
Served asset /jquery.js - 304 Not Modified (0ms)


Started GET "/assets/secret_santa.js?body=1" for 127.0.0.1 at 2012-11-30 01:14:40 -0500
Served asset /secret_santa.js - 304 Not Modified (0ms)


Started GET "/assets/application.js?body=1" for 127.0.0.1 at 2012-11-30 01:14:40 -0500
Served asset /application.js - 304 Not Modified (5ms)


Started GET "/assets/jquery_ujs.js?body=1" for 127.0.0.1 at 2012-11-30 01:14:40 -0500
Served asset /jquery_ujs.js - 304 Not Modified (0ms)


Started POST "/notify-participants" for 127.0.0.1 at 2012-11-30 01:15:02 -0500

ActionController::RoutingError (No route matches [POST] "/notify-participants"):
  actionpack (3.2.8) lib/action_dispatch/middleware/debug_exceptions.rb:21:in `call'
  actionpack (3.2.8) lib/action_dispatch/middleware/show_exceptions.rb:56:in `call'
  railties (3.2.8) lib/rails/rack/logger.rb:26:in `call_app'
  railties (3.2.8) lib/rails/rack/logger.rb:16:in `call'
  actionpack (3.2.8) lib/action_dispatch/middleware/request_id.rb:22:in `call'
  rack (1.4.1) lib/rack/methodoverride.rb:21:in `call'
  rack (1.4.1) lib/rack/runtime.rb:17:in `call'
  activesupport (3.2.8) lib/active_support/cache/strategy/local_cache.rb:72:in `call'
  rack (1.4.1) lib/rack/lock.rb:15:in `call'
  actionpack (3.2.8) lib/action_dispatch/middleware/static.rb:62:in `call'
  railties (3.2.8) lib/rails/engine.rb:479:in `call'
  railties (3.2.8) lib/rails/application.rb:223:in `call'
  rack (1.4.1) lib/rack/content_length.rb:14:in `call'
  railties (3.2.8) lib/rails/rack/log_tailer.rb:17:in `call'
  rack (1.4.1) lib/rack/handler/webrick.rb:59:in `service'
  /Users/ethagnawl/.rvm/rubies/ruby-1.9.3-p125/lib/ruby/1.9.1/webrick/httpserver.rb:138:in `service'
  /Users/ethagnawl/.rvm/rubies/ruby-1.9.3-p125/lib/ruby/1.9.1/webrick/httpserver.rb:94:in `run'
  /Users/ethagnawl/.rvm/rubies/ruby-1.9.3-p125/lib/ruby/1.9.1/webrick/server.rb:191:in `block in start_thread'


  Rendered /Users/ethagnawl/.rvm/gems/ruby-1.9.3-p125/gems/actionpack-3.2.8/lib/action_dispatch/middleware/templates/rescues/routing_error.erb within rescues/layout (0.7ms)


Started POST "/notify-participants" for 127.0.0.1 at 2012-11-30 01:18:20 -0500

ActionController::RoutingError (No route matches [POST] "/notify-participants"):
  actionpack (3.2.8) lib/action_dispatch/middleware/debug_exceptions.rb:21:in `call'
  actionpack (3.2.8) lib/action_dispatch/middleware/show_exceptions.rb:56:in `call'
  railties (3.2.8) lib/rails/rack/logger.rb:26:in `call_app'
  railties (3.2.8) lib/rails/rack/logger.rb:16:in `call'
  actionpack (3.2.8) lib/action_dispatch/middleware/request_id.rb:22:in `call'
  rack (1.4.1) lib/rack/methodoverride.rb:21:in `call'
  rack (1.4.1) lib/rack/runtime.rb:17:in `call'
  activesupport (3.2.8) lib/active_support/cache/strategy/local_cache.rb:72:in `call'
  rack (1.4.1) lib/rack/lock.rb:15:in `call'
  actionpack (3.2.8) lib/action_dispatch/middleware/static.rb:62:in `call'
  railties (3.2.8) lib/rails/engine.rb:479:in `call'
  railties (3.2.8) lib/rails/application.rb:223:in `call'
  rack (1.4.1) lib/rack/content_length.rb:14:in `call'
  railties (3.2.8) lib/rails/rack/log_tailer.rb:17:in `call'
  rack (1.4.1) lib/rack/handler/webrick.rb:59:in `service'
  /Users/ethagnawl/.rvm/rubies/ruby-1.9.3-p125/lib/ruby/1.9.1/webrick/httpserver.rb:138:in `service'
  /Users/ethagnawl/.rvm/rubies/ruby-1.9.3-p125/lib/ruby/1.9.1/webrick/httpserver.rb:94:in `run'
  /Users/ethagnawl/.rvm/rubies/ruby-1.9.3-p125/lib/ruby/1.9.1/webrick/server.rb:191:in `block in start_thread'


  Rendered /Users/ethagnawl/.rvm/gems/ruby-1.9.3-p125/gems/actionpack-3.2.8/lib/action_dispatch/middleware/templates/rescues/routing_error.erb within rescues/layout (0.7ms)


Started POST "/notify-participants" for 127.0.0.1 at 2012-11-30 01:19:24 -0500

ActionController::RoutingError (No route matches [POST] "/notify-participants"):
  actionpack (3.2.8) lib/action_dispatch/middleware/debug_exceptions.rb:21:in `call'
  actionpack (3.2.8) lib/action_dispatch/middleware/show_exceptions.rb:56:in `call'
  railties (3.2.8) lib/rails/rack/logger.rb:26:in `call_app'
  railties (3.2.8) lib/rails/rack/logger.rb:16:in `call'
  actionpack (3.2.8) lib/action_dispatch/middleware/request_id.rb:22:in `call'
  rack (1.4.1) lib/rack/methodoverride.rb:21:in `call'
  rack (1.4.1) lib/rack/runtime.rb:17:in `call'
  activesupport (3.2.8) lib/active_support/cache/strategy/local_cache.rb:72:in `call'
  rack (1.4.1) lib/rack/lock.rb:15:in `call'
  actionpack (3.2.8) lib/action_dispatch/middleware/static.rb:62:in `call'
  railties (3.2.8) lib/rails/engine.rb:479:in `call'
  railties (3.2.8) lib/rails/application.rb:223:in `call'
  rack (1.4.1) lib/rack/content_length.rb:14:in `call'
  railties (3.2.8) lib/rails/rack/log_tailer.rb:17:in `call'
  rack (1.4.1) lib/rack/handler/webrick.rb:59:in `service'
  /Users/ethagnawl/.rvm/rubies/ruby-1.9.3-p125/lib/ruby/1.9.1/webrick/httpserver.rb:138:in `service'
  /Users/ethagnawl/.rvm/rubies/ruby-1.9.3-p125/lib/ruby/1.9.1/webrick/httpserver.rb:94:in `run'
  /Users/ethagnawl/.rvm/rubies/ruby-1.9.3-p125/lib/ruby/1.9.1/webrick/server.rb:191:in `block in start_thread'


  Rendered /Users/ethagnawl/.rvm/gems/ruby-1.9.3-p125/gems/actionpack-3.2.8/lib/action_dispatch/middleware/templates/rescues/routing_error.erb within rescues/layout (1.0ms)


Started POST "/notify-participants" for 127.0.0.1 at 2012-11-30 01:21:00 -0500

ActionController::RoutingError (No route matches [POST] "/notify-participants"):
  actionpack (3.2.8) lib/action_dispatch/middleware/debug_exceptions.rb:21:in `call'
  actionpack (3.2.8) lib/action_dispatch/middleware/show_exceptions.rb:56:in `call'
  railties (3.2.8) lib/rails/rack/logger.rb:26:in `call_app'
  railties (3.2.8) lib/rails/rack/logger.rb:16:in `call'
  actionpack (3.2.8) lib/action_dispatch/middleware/request_id.rb:22:in `call'
  rack (1.4.1) lib/rack/methodoverride.rb:21:in `call'
  rack (1.4.1) lib/rack/runtime.rb:17:in `call'
  activesupport (3.2.8) lib/active_support/cache/strategy/local_cache.rb:72:in `call'
  rack (1.4.1) lib/rack/lock.rb:15:in `call'
  actionpack (3.2.8) lib/action_dispatch/middleware/static.rb:62:in `call'
  railties (3.2.8) lib/rails/engine.rb:479:in `call'
  railties (3.2.8) lib/rails/application.rb:223:in `call'
  rack (1.4.1) lib/rack/content_length.rb:14:in `call'
  railties (3.2.8) lib/rails/rack/log_tailer.rb:17:in `call'
  rack (1.4.1) lib/rack/handler/webrick.rb:59:in `service'
  /Users/ethagnawl/.rvm/rubies/ruby-1.9.3-p125/lib/ruby/1.9.1/webrick/httpserver.rb:138:in `service'
  /Users/ethagnawl/.rvm/rubies/ruby-1.9.3-p125/lib/ruby/1.9.1/webrick/httpserver.rb:94:in `run'
  /Users/ethagnawl/.rvm/rubies/ruby-1.9.3-p125/lib/ruby/1.9.1/webrick/server.rb:191:in `block in start_thread'


  Rendered /Users/ethagnawl/.rvm/gems/ruby-1.9.3-p125/gems/actionpack-3.2.8/lib/action_dispatch/middleware/templates/rescues/routing_error.erb within rescues/layout (0.8ms)


Started POST "/notify-participants" for 127.0.0.1 at 2012-11-30 01:21:54 -0500
Processing by EventsController#notify_participants as */*
  Parameters: {"participant"=>{"681"=>"joe blow&test@test.com", "682"=>"sarah blow&tset@tset.com"}}
Completed 500 Internal Server Error in 13ms

ActionView::MissingTemplate (Missing template events/notify_participants, application/notify_participants with {:locale=>[:en], :formats=>[:html, :text, :js, :css, :ics, :csv, :png, :jpeg, :gif, :bmp, :tiff, :mpeg, :xml, :rss, :atom, :yaml, :multipart_form, :url_encoded_form, :json, :pdf, :zip], :handlers=>[:erb, :builder, :coffee, :haml]}. Searched in:
  * "/Users/ethagnawl/Desktop/projects/secret_santa/secret_santa/app/views"
):
  actionpack (3.2.8) lib/action_view/path_set.rb:58:in `find'
  actionpack (3.2.8) lib/action_view/lookup_context.rb:109:in `find'
  actionpack (3.2.8) lib/action_view/renderer/abstract_renderer.rb:3:in `find_template'
  actionpack (3.2.8) lib/action_view/renderer/template_renderer.rb:34:in `determine_template'
  actionpack (3.2.8) lib/action_view/renderer/template_renderer.rb:10:in `render'
  actionpack (3.2.8) lib/action_view/renderer/renderer.rb:36:in `render_template'
  actionpack (3.2.8) lib/action_view/renderer/renderer.rb:17:in `render'
  actionpack (3.2.8) lib/abstract_controller/rendering.rb:110:in `_render_template'
  actionpack (3.2.8) lib/action_controller/metal/streaming.rb:225:in `_render_template'
  actionpack (3.2.8) lib/abstract_controller/rendering.rb:103:in `render_to_body'
  actionpack (3.2.8) lib/action_controller/metal/renderers.rb:28:in `render_to_body'
  actionpack (3.2.8) lib/action_controller/metal/compatibility.rb:50:in `render_to_body'
  actionpack (3.2.8) lib/abstract_controller/rendering.rb:88:in `render'
  actionpack (3.2.8) lib/action_controller/metal/rendering.rb:16:in `render'
  actionpack (3.2.8) lib/action_controller/metal/instrumentation.rb:40:in `block (2 levels) in render'
  activesupport (3.2.8) lib/active_support/core_ext/benchmark.rb:5:in `block in ms'
  /Users/ethagnawl/.rvm/rubies/ruby-1.9.3-p125/lib/ruby/1.9.1/benchmark.rb:295:in `realtime'
  activesupport (3.2.8) lib/active_support/core_ext/benchmark.rb:5:in `ms'
  actionpack (3.2.8) lib/action_controller/metal/instrumentation.rb:40:in `block in render'
  actionpack (3.2.8) lib/action_controller/metal/instrumentation.rb:83:in `cleanup_view_runtime'
  actionpack (3.2.8) lib/action_controller/metal/instrumentation.rb:39:in `render'
  actionpack (3.2.8) lib/action_controller/metal/implicit_render.rb:10:in `default_render'
  actionpack (3.2.8) lib/action_controller/metal/implicit_render.rb:5:in `send_action'
  actionpack (3.2.8) lib/abstract_controller/base.rb:167:in `process_action'
  actionpack (3.2.8) lib/action_controller/metal/rendering.rb:10:in `process_action'
  actionpack (3.2.8) lib/abstract_controller/callbacks.rb:18:in `block in process_action'
  activesupport (3.2.8) lib/active_support/callbacks.rb:414:in `_run__2351333080383065026__process_action__673790016212484133__callbacks'
  activesupport (3.2.8) lib/active_support/callbacks.rb:405:in `__run_callback'
  activesupport (3.2.8) lib/active_support/callbacks.rb:385:in `_run_process_action_callbacks'
  activesupport (3.2.8) lib/active_support/callbacks.rb:81:in `run_callbacks'
  actionpack (3.2.8) lib/abstract_controller/callbacks.rb:17:in `process_action'
  actionpack (3.2.8) lib/action_controller/metal/rescue.rb:29:in `process_action'
  actionpack (3.2.8) lib/action_controller/metal/instrumentation.rb:30:in `block in process_action'
  activesupport (3.2.8) lib/active_support/notifications.rb:123:in `block in instrument'
  activesupport (3.2.8) lib/active_support/notifications/instrumenter.rb:20:in `instrument'
  activesupport (3.2.8) lib/active_support/notifications.rb:123:in `instrument'
  actionpack (3.2.8) lib/action_controller/metal/instrumentation.rb:29:in `process_action'
  actionpack (3.2.8) lib/action_controller/metal/params_wrapper.rb:207:in `process_action'
  actionpack (3.2.8) lib/abstract_controller/base.rb:121:in `process'
  actionpack (3.2.8) lib/abstract_controller/rendering.rb:45:in `process'
  actionpack (3.2.8) lib/action_controller/metal.rb:203:in `dispatch'
  actionpack (3.2.8) lib/action_controller/metal/rack_delegation.rb:14:in `dispatch'
  actionpack (3.2.8) lib/action_controller/metal.rb:246:in `block in action'
  actionpack (3.2.8) lib/action_dispatch/routing/route_set.rb:73:in `call'
  actionpack (3.2.8) lib/action_dispatch/routing/route_set.rb:73:in `dispatch'
  actionpack (3.2.8) lib/action_dispatch/routing/route_set.rb:36:in `call'
  journey (1.0.4) lib/journey/router.rb:68:in `block in call'
  journey (1.0.4) lib/journey/router.rb:56:in `each'
  journey (1.0.4) lib/journey/router.rb:56:in `call'
  actionpack (3.2.8) lib/action_dispatch/routing/route_set.rb:600:in `call'
  sass (3.2.3) lib/sass/plugin/rack.rb:54:in `call'
  actionpack (3.2.8) lib/action_dispatch/middleware/best_standards_support.rb:17:in `call'
  rack (1.4.1) lib/rack/etag.rb:23:in `call'
  rack (1.4.1) lib/rack/conditionalget.rb:35:in `call'
  actionpack (3.2.8) lib/action_dispatch/middleware/head.rb:14:in `call'
  actionpack (3.2.8) lib/action_dispatch/middleware/params_parser.rb:21:in `call'
  actionpack (3.2.8) lib/action_dispatch/middleware/flash.rb:242:in `call'
  rack (1.4.1) lib/rack/session/abstract/id.rb:205:in `context'
  rack (1.4.1) lib/rack/session/abstract/id.rb:200:in `call'
  actionpack (3.2.8) lib/action_dispatch/middleware/cookies.rb:339:in `call'
  actionpack (3.2.8) lib/action_dispatch/middleware/callbacks.rb:28:in `block in call'
  activesupport (3.2.8) lib/active_support/callbacks.rb:405:in `_run__1802370638167197425__call__2304296094627719218__callbacks'
  activesupport (3.2.8) lib/active_support/callbacks.rb:405:in `__run_callback'
  activesupport (3.2.8) lib/active_support/callbacks.rb:385:in `_run_call_callbacks'
  activesupport (3.2.8) lib/active_support/callbacks.rb:81:in `run_callbacks'
  actionpack (3.2.8) lib/action_dispatch/middleware/callbacks.rb:27:in `call'
  actionpack (3.2.8) lib/action_dispatch/middleware/reloader.rb:65:in `call'
  actionpack (3.2.8) lib/action_dispatch/middleware/remote_ip.rb:31:in `call'
  actionpack (3.2.8) lib/action_dispatch/middleware/debug_exceptions.rb:16:in `call'
  actionpack (3.2.8) lib/action_dispatch/middleware/show_exceptions.rb:56:in `call'
  railties (3.2.8) lib/rails/rack/logger.rb:26:in `call_app'
  railties (3.2.8) lib/rails/rack/logger.rb:16:in `call'
  actionpack (3.2.8) lib/action_dispatch/middleware/request_id.rb:22:in `call'
  rack (1.4.1) lib/rack/methodoverride.rb:21:in `call'
  rack (1.4.1) lib/rack/runtime.rb:17:in `call'
  activesupport (3.2.8) lib/active_support/cache/strategy/local_cache.rb:72:in `call'
  rack (1.4.1) lib/rack/lock.rb:15:in `call'
  actionpack (3.2.8) lib/action_dispatch/middleware/static.rb:62:in `call'
  railties (3.2.8) lib/rails/engine.rb:479:in `call'
  railties (3.2.8) lib/rails/application.rb:223:in `call'
  rack (1.4.1) lib/rack/content_length.rb:14:in `call'
  railties (3.2.8) lib/rails/rack/log_tailer.rb:17:in `call'
  rack (1.4.1) lib/rack/handler/webrick.rb:59:in `service'
  /Users/ethagnawl/.rvm/rubies/ruby-1.9.3-p125/lib/ruby/1.9.1/webrick/httpserver.rb:138:in `service'
  /Users/ethagnawl/.rvm/rubies/ruby-1.9.3-p125/lib/ruby/1.9.1/webrick/httpserver.rb:94:in `run'
  /Users/ethagnawl/.rvm/rubies/ruby-1.9.3-p125/lib/ruby/1.9.1/webrick/server.rb:191:in `block in start_thread'


  Rendered /Users/ethagnawl/.rvm/gems/ruby-1.9.3-p125/gems/actionpack-3.2.8/lib/action_dispatch/middleware/templates/rescues/missing_template.erb within rescues/layout (0.5ms)


Started POST "/notify-participants" for 127.0.0.1 at 2012-11-30 01:24:14 -0500
Processing by EventsController#notify_participants as */*
  Parameters: {"participant"=>{"681"=>"joe blow&test@test.com", "682"=>"sarah blow&tset@tset.com"}}
  Rendered text template (0.0ms)
Completed 200 OK in 7ms (Views: 3.9ms)


Started POST "/notify-participants" for 127.0.0.1 at 2012-11-30 01:34:01 -0500
Processing by EventsController#notify_participants as */*
  Parameters: {"participant"=>{"681"=>"joe blow&test@test.com", "682"=>"sarah blow&tset@tset.com"}}
  Rendered text template (0.0ms)
Completed 200 OK in 4ms (Views: 0.9ms)


Started GET "/events/new" for 127.0.0.1 at 2012-11-30 01:35:52 -0500
Processing by EventsController#new as HTML
  Rendered events/new.html.haml within layouts/application (36.5ms)
Completed 200 OK in 51ms (Views: 50.4ms)


Started GET "/assets/jquery.js?body=1" for 127.0.0.1 at 2012-11-30 01:35:52 -0500
Served asset /jquery.js - 304 Not Modified (7ms)


Started GET "/assets/events.css?body=1" for 127.0.0.1 at 2012-11-30 01:35:52 -0500
Served asset /events.css - 304 Not Modified (1ms)


Started GET "/assets/application.css?body=1" for 127.0.0.1 at 2012-11-30 01:35:52 -0500
Served asset /application.css - 304 Not Modified (6ms)


Started GET "/assets/jquery_ujs.js?body=1" for 127.0.0.1 at 2012-11-30 01:35:52 -0500
Served asset /jquery_ujs.js - 304 Not Modified (3ms)


Started GET "/assets/events.js?body=1" for 127.0.0.1 at 2012-11-30 01:35:52 -0500
Served asset /events.js - 304 Not Modified (1ms)


Started GET "/assets/secret_santa.js?body=1" for 127.0.0.1 at 2012-11-30 01:35:52 -0500
Served asset /secret_santa.js - 304 Not Modified (2ms)


Started GET "/assets/application.js?body=1" for 127.0.0.1 at 2012-11-30 01:35:53 -0500
Served asset /application.js - 304 Not Modified (7ms)


Started POST "/notify-participants" for 127.0.0.1 at 2012-11-30 01:36:09 -0500
Processing by EventsController#notify_participants as */*
  Parameters: {"participant"=>{"97"=>"dianne&dianne@test.com"}}
  Rendered text template (0.0ms)
Completed 200 OK in 3ms (Views: 0.7ms)


Started GET "/events/new" for 127.0.0.1 at 2012-11-30 01:39:08 -0500
Processing by EventsController#new as HTML
  Rendered events/new.html.haml within layouts/application (23.8ms)
Completed 200 OK in 46ms (Views: 45.7ms)


Started GET "/assets/events.js?body=1" for 127.0.0.1 at 2012-11-30 01:39:08 -0500
Served asset /events.js - 304 Not Modified (1ms)


Started GET "/assets/jquery_ujs.js?body=1" for 127.0.0.1 at 2012-11-30 01:39:08 -0500
Served asset /jquery_ujs.js - 304 Not Modified (3ms)


Started GET "/assets/events.css?body=1" for 127.0.0.1 at 2012-11-30 01:39:08 -0500
Served asset /events.css - 304 Not Modified (4ms)


Started GET "/assets/secret_santa.js?body=1" for 127.0.0.1 at 2012-11-30 01:39:08 -0500
Served asset /secret_santa.js - 304 Not Modified (1ms)


Started GET "/assets/application.css?body=1" for 127.0.0.1 at 2012-11-30 01:39:08 -0500
Served asset /application.css - 304 Not Modified (3ms)


Started GET "/assets/application.js?body=1" for 127.0.0.1 at 2012-11-30 01:39:08 -0500
Served asset /application.js - 304 Not Modified (15ms)


Started GET "/assets/jquery.js?body=1" for 127.0.0.1 at 2012-11-30 01:39:08 -0500
Served asset /jquery.js - 304 Not Modified (3ms)


Started POST "/notify-participants" for 127.0.0.1 at 2012-11-30 01:39:18 -0500
Processing by EventsController#notify_participants as */*
  Parameters: {"participant"=>{"462"=>"test&test@test.com"}}
  Rendered text template (0.0ms)
Completed 200 OK in 7ms (Views: 4.8ms)


Started POST "/notify-participants" for 127.0.0.1 at 2012-11-30 01:40:51 -0500
Processing by EventsController#notify_participants as */*
  Parameters: {"participant"=>{"502"=>"test&test@test.com", "503"=>"fart&fart@fart.com"}}
  Rendered text template (0.0ms)
Completed 200 OK in 3ms (Views: 0.5ms)


Started GET "/events/new" for 127.0.0.1 at 2012-11-30 01:44:00 -0500
Processing by EventsController#new as HTML
  Rendered events/new.html.haml within layouts/application (25.5ms)
Completed 200 OK in 93ms (Views: 92.3ms)


Started POST "/notify-participants" for 127.0.0.1 at 2012-11-30 01:44:14 -0500
Processing by EventsController#notify_participants as */*
  Parameters: {"participant"=>{"506"=>"jack&test@test.com", "507"=>"dianne&test@test.com"}}
  Rendered text template (0.0ms)
Completed 200 OK in 7ms (Views: 2.2ms)


Started GET "/events/new" for 127.0.0.1 at 2012-11-30 01:44:25 -0500
Processing by EventsController#new as HTML
  Rendered events/new.html.haml within layouts/application (2.8ms)
Completed 200 OK in 9ms (Views: 9.0ms)


Started POST "/notify-participants" for 127.0.0.1 at 2012-11-30 01:44:41 -0500
Processing by EventsController#notify_participants as */*
  Parameters: {"participant"=>{"870"=>"test&test@test.com"}}
  Rendered text template (0.0ms)
Completed 200 OK in 2ms (Views: 0.5ms)


Started GET "/events/new" for 127.0.0.1 at 2012-11-30 01:46:29 -0500
Processing by EventsController#new as HTML
  Rendered events/new.html.haml within layouts/application (2.7ms)
Completed 200 OK in 9ms (Views: 8.8ms)


Started POST "/notify-participants" for 127.0.0.1 at 2012-11-30 01:46:40 -0500
Processing by EventsController#notify_participants as */*
  Parameters: {"participant"=>{"956"=>"joe&test@test.com", "957"=>"test&test@test.com"}}
  Rendered text template (0.0ms)
Completed 200 OK in 4ms (Views: 0.7ms)


Started GET "/events/new" for 127.0.0.1 at 2012-11-30 01:47:27 -0500
Processing by EventsController#new as HTML
  Rendered events/new.html.haml within layouts/application (30.9ms)
Completed 200 OK in 113ms (Views: 112.5ms)


Started POST "/notify-participants" for 127.0.0.1 at 2012-11-30 01:47:45 -0500
Processing by EventsController#notify_participants as */*
  Parameters: {"participant"=>{"991"=>"dave&test@test.com", "523"=>"colin&cool@cool.com"}}
  Rendered text template (0.0ms)
Completed 200 OK in 50ms (Views: 2.4ms)


Started GET "/events/new" for 127.0.0.1 at 2012-11-30 01:50:45 -0500
Processing by EventsController#new as HTML
  Rendered events/new.html.haml within layouts/application (27.5ms)
Completed 200 OK in 94ms (Views: 93.5ms)


Started POST "/notify-participants" for 127.0.0.1 at 2012-11-30 01:50:58 -0500
Processing by EventsController#notify_participants as */*
  Parameters: {"participant"=>{"30"=>"foo&foo@bar.com", "31"=>"test&foo@bar.net"}}
  Rendered text template (0.0ms)
Completed 200 OK in 622ms (Views: 3.2ms)


Started GET "/events/new" for 127.0.0.1 at 2012-11-30 01:52:17 -0500
Processing by EventsController#new as HTML
  Rendered events/new.html.haml within layouts/application (70.0ms)
Completed 200 OK in 92ms (Views: 91.8ms)


Started POST "/notify-participants" for 127.0.0.1 at 2012-11-30 01:52:30 -0500
Processing by EventsController#notify_participants as */*
  Parameters: {"participant"=>{"62"=>"cool&cool@guy.com", "63"=>"test&test@test.com"}}
  Rendered text template (0.0ms)
Completed 200 OK in 514ms (Views: 2.8ms)


Started GET "/events/new" for 127.0.0.1 at 2012-11-30 01:53:20 -0500
Processing by EventsController#new as HTML
  Rendered events/new.html.haml within layouts/application (3.0ms)
Completed 200 OK in 10ms (Views: 9.5ms)


Started POST "/notify-participants" for 127.0.0.1 at 2012-11-30 01:53:35 -0500
Processing by EventsController#notify_participants as */*
  Parameters: {"participant"=>{"768"=>"test&foo@bar.org"}}
["test", "foo@bar.org"]
  Rendered text template (0.0ms)
Completed 200 OK in 176ms (Views: 0.7ms)


Started GET "/events/new" for 127.0.0.1 at 2012-11-30 01:59:09 -0500
Processing by EventsController#new as HTML
  Rendered events/new.html.haml within layouts/application (26.0ms)
Completed 200 OK in 90ms (Views: 89.3ms)


Started POST "/notify-participants" for 127.0.0.1 at 2012-11-30 01:59:22 -0500
Processing by EventsController#notify_participants as */*
  Parameters: {"participant"=>{"695"=>"utoahutan&tohunto@test.com", "696"=>"touhntohuno&cool@test.com"}}
["utoahutan", "tohunto@test.com"]
["touhntohuno", "cool@test.com"]
  Rendered text template (0.0ms)
Completed 200 OK in 546ms (Views: 2.9ms)


Started GET "/events/new" for 127.0.0.1 at 2012-11-30 02:03:14 -0500
Processing by EventsController#new as HTML
  Rendered events/new.html.haml within layouts/application (24.8ms)
Completed 200 OK in 88ms (Views: 87.4ms)


Started POST "/notify-participants" for 127.0.0.1 at 2012-11-30 02:03:28 -0500
Processing by EventsController#notify_participants as */*
  Parameters: {"participant"=>{"842"=>"euhoau&test@test.com", "843"=>"tnohutno&cool@test.org"}}
["euhoau", "test@test.com"]
{:name=>"euhoau", :email_address=>"test@test.com"}
["tnohutno", "cool@test.org"]
{:name=>"tnohutno", :email_address=>"cool@test.org"}
  Rendered text template (0.0ms)
Completed 200 OK in 610ms (Views: 11.8ms)


Started GET "/events/new" for 127.0.0.1 at 2012-11-30 02:05:30 -0500
Processing by EventsController#new as HTML
  Rendered events/new.html.haml within layouts/application (25.9ms)
Completed 200 OK in 96ms (Views: 95.8ms)


Started POST "/notify-participants" for 127.0.0.1 at 2012-11-30 02:05:45 -0500
Processing by EventsController#notify_participants as */*
  Parameters: {"participant"=>{"1"=>"otuhatnohu&thouno@test.com", "2"=>"otenuhnothunt&cool@test.com"}}
["otuhatnohu", "thouno@test.com"]
["otenuhnothunt", "cool@test.com"]
  Rendered text template (0.0ms)
Completed 200 OK in 693ms (Views: 2.3ms)


Started GET "/events/new" for 127.0.0.1 at 2012-11-30 02:06:52 -0500
Processing by EventsController#new as HTML
  Rendered events/new.html.haml within layouts/application (25.8ms)
Completed 200 OK in 90ms (Views: 90.0ms)


Started POST "/notify-participants" for 127.0.0.1 at 2012-11-30 02:07:52 -0500
Processing by EventsController#notify_participants as */*
  Parameters: {"participant"=>{"958"=>"danielle erickson&sbvb2534@aol.com"}}
["danielle erickson", "sbvb2534@aol.com"]
  Rendered text template (0.0ms)
Completed 200 OK in 395ms (Views: 2.3ms)


Started GET "/events/new" for 127.0.0.1 at 2012-11-30 02:08:25 -0500
Processing by EventsController#new as HTML
  Rendered events/new.html.haml within layouts/application (2.9ms)
Completed 200 OK in 9ms (Views: 8.7ms)


Started GET "/events/new" for 127.0.0.1 at 2012-11-30 02:08:49 -0500
Processing by EventsController#new as HTML
  Rendered events/new.html.haml within layouts/application (2.9ms)
Completed 200 OK in 9ms (Views: 9.1ms)


Started POST "/notify-participants" for 127.0.0.1 at 2012-11-30 02:09:11 -0500
Processing by EventsController#notify_participants as */*
  Parameters: {"participant"=>{"612"=>"holy shit&cool@test.net"}}
["holy shit", "cool@test.net"]
  Rendered text template (0.0ms)
Completed 200 OK in 256ms (Views: 0.7ms)


Started GET "/events/new" for 127.0.0.1 at 2012-11-30 02:13:01 -0500
Processing by EventsController#new as HTML
  Rendered events/new.html.haml within layouts/application (2.4ms)
Completed 200 OK in 12ms (Views: 11.8ms)


Started POST "/notify-participants" for 127.0.0.1 at 2012-11-30 02:13:24 -0500
Processing by EventsController#notify_participants as */*
  Parameters: {"participant"=>{"748"=>"peter doherty&pdoherty926@gmail.com", "897"=>"amy allen&amy@allen.com"}}
WARNING: Can't verify CSRF token authenticity
{"748"=>"peter doherty&pdoherty926@gmail.com", "897"=>"amy allen&amy@allen.com"}
  Rendered text template (0.0ms)
Completed 200 OK in 1275ms (Views: 0.8ms)


Started GET "/events/new" for 127.0.0.1 at 2012-11-30 02:14:51 -0500
Processing by EventsController#new as HTML
  Rendered events/new.html.haml within layouts/application (3.0ms)
Completed 200 OK in 83ms (Views: 82.9ms)


Started POST "/notify-participants" for 127.0.0.1 at 2012-11-30 02:15:08 -0500
Processing by EventsController#notify_participants as */*
  Parameters: {"participant"=>{"265"=>"amy allen&amy@allen.com"}}
WARNING: Can't verify CSRF token authenticity
{"265"=>"amy allen&amy@allen.com"}
  Rendered text template (0.0ms)
Completed 200 OK in 352ms (Views: 3.3ms)


Started GET "/events/new" for 127.0.0.1 at 2012-11-30 02:15:36 -0500
Processing by EventsController#new as HTML
  Rendered events/new.html.haml within layouts/application (0.1ms)
Completed 200 OK in 6ms (Views: 5.6ms)


Started POST "/notify-participants" for 127.0.0.1 at 2012-11-30 02:15:56 -0500
Processing by EventsController#notify_participants as */*
  Parameters: {"participant"=>{"155"=>"matt alesevich&matt@test.com"}}
WARNING: Can't verify CSRF token authenticity
{"155"=>"matt alesevich&matt@test.com"}
  Rendered text template (0.0ms)
Completed 200 OK in 152ms (Views: 0.9ms)


Started GET "/events/new" for 127.0.0.1 at 2012-11-30 02:17:39 -0500
Processing by EventsController#new as HTML
  Rendered events/new.html.haml within layouts/application (0.2ms)
Compiled secret_santa.js  (242ms)  (pid 18784)
Compiled application.js  (9ms)  (pid 18784)
Completed 200 OK in 343ms (Views: 343.1ms)


Started POST "/notify-participants" for 127.0.0.1 at 2012-11-30 02:17:54 -0500
Processing by EventsController#notify_participants as */*
  Parameters: {"participant"=>{"0"=>"taohutsaos&test@test.com", "1916"=>"touhtonuhn&cool@test.net"}}
WARNING: Can't verify CSRF token authenticity
{"0"=>"taohutsaos&test@test.com", "1916"=>"touhtonuhn&cool@test.net"}
  Rendered text template (0.0ms)
Completed 200 OK in 363ms (Views: 1.2ms)


Started GET "/events/new" for 127.0.0.1 at 2012-11-30 02:18:14 -0500
Processing by EventsController#new as HTML
  Rendered events/new.html.haml within layouts/application (0.2ms)
Completed 200 OK in 6ms (Views: 6.1ms)


Started POST "/notify-participants" for 127.0.0.1 at 2012-11-30 02:18:39 -0500
Processing by EventsController#notify_participants as */*
  Parameters: {"participant"=>{"6192"=>"amy allen&amy@test.com", "3875"=>"coleen morey&coleen@test.com", "6200"=>"ryan doherty&ryan@test.com"}}
WARNING: Can't verify CSRF token authenticity
{"6192"=>"amy allen&amy@test.com", "3875"=>"coleen morey&coleen@test.com", "6200"=>"ryan doherty&ryan@test.com"}
  Rendered text template (0.0ms)
Completed 200 OK in 427ms (Views: 0.6ms)


Started GET "/events/new" for 127.0.0.1 at 2012-11-30 02:32:04 -0500
Processing by EventsController#new as HTML
  Rendered events/new.html.haml within layouts/application (2.6ms)
Completed 200 OK in 98ms (Views: 97.4ms)


Started POST "/notify-participants" for 127.0.0.1 at 2012-11-30 02:32:18 -0500
Processing by EventsController#notify_participants as */*
  Parameters: {"participant"=>{"7168"=>"cool&cool@cool.com", "896"=>"raw&raw@raw.com"}}
WARNING: Can't verify CSRF token authenticity
{"7168"=>"cool&cool@cool.com", "896"=>"raw&raw@raw.com"}
  Rendered text template (0.0ms)
Completed 200 OK in 659ms (Views: 4.4ms)


Started GET "/events/new" for 127.0.0.1 at 2012-11-30 02:35:21 -0500
Processing by EventsController#new as HTML
  Rendered events/new.html.haml within layouts/application (2.7ms)
Completed 200 OK in 96ms (Views: 95.3ms)


Started POST "/notify-participants" for 127.0.0.1 at 2012-11-30 02:35:40 -0500
Processing by EventsController#notify_participants as */*
  Parameters: {"participant"=>{"2544"=>"colin powell&colin@test.com", "1275"=>"bill clinton&bill@clinton.com"}}
WARNING: Can't verify CSRF token authenticity
{"2544"=>"colin powell&colin@test.com", "1275"=>"bill clinton&bill@clinton.com"}
  Rendered text template (0.0ms)
Completed 200 OK in 752ms (Views: 3.1ms)


Started GET "/events/new" for 127.0.0.1 at 2012-11-30 02:36:19 -0500
Processing by EventsController#new as HTML
  Rendered events/new.html.haml within layouts/application (0.2ms)
Completed 200 OK in 7ms (Views: 6.5ms)


Started POST "/notify-participants" for 127.0.0.1 at 2012-11-30 02:36:26 -0500
Processing by EventsController#notify_participants as */*
  Parameters: {"participant"=>{"906"=>"foo&foo@bar.com"}}
WARNING: Can't verify CSRF token authenticity
{"906"=>"foo&foo@bar.com"}
  Rendered text template (0.0ms)
Completed 200 OK in 190ms (Views: 0.8ms)


Started GET "/events/new" for 127.0.0.1 at 2012-11-30 02:38:11 -0500
Processing by EventsController#new as HTML
  Rendered events/new.html.haml within layouts/application (3.0ms)
Completed 200 OK in 90ms (Views: 89.0ms)


Started POST "/notify-participants" for 127.0.0.1 at 2012-11-30 02:38:26 -0500
Processing by EventsController#notify_participants as */*
  Parameters: {"participant"=>{"42"=>"pete&pdoherty926@gmail.com"}}
WARNING: Can't verify CSRF token authenticity
{"42"=>"pete&pdoherty926@gmail.com"}
  Rendered text template (0.0ms)
Completed 200 OK in 497ms (Views: 3.1ms)


Started GET "/events/new" for 127.0.0.1 at 2012-11-30 02:39:56 -0500
Processing by EventsController#new as HTML
  Rendered events/new.html.haml within layouts/application (0.2ms)
Completed 200 OK in 7ms (Views: 6.8ms)


Started POST "/notify-participants" for 127.0.0.1 at 2012-11-30 02:40:04 -0500
Processing by EventsController#notify_participants as */*
  Parameters: {"participant"=>{"0"=>"pete&pete@test.com"}}
WARNING: Can't verify CSRF token authenticity
{"0"=>"pete&pete@test.com"}
  Rendered text template (0.0ms)
Completed 200 OK in 753ms (Views: 10.9ms)

Sent mail to test@test.com (31ms)
Date: Fri, 30 Nov 2012 02:56:24 -0500
From: pdoherty926@gmail.com
Reply-To: pdoherty926@gmail.com
To: test@test.com
Message-ID: <50b866a8a6942_4c843ffbd6034cd06385d@peter-dohertys-MacBook.local.mail>
Subject: Welcome to My Awesome Site
Mime-Version: 1.0
Content-Type: text/plain;
 charset=UTF-8
Content-Transfer-Encoding: 7bit




Started GET "/events/new" for 127.0.0.1 at 2012-11-30 02:57:14 -0500
Processing by EventsController#new as HTML
  Rendered events/new.html.haml within layouts/application (3.2ms)
Completed 200 OK in 116ms (Views: 115.4ms)


Started POST "/notify-participants" for 127.0.0.1 at 2012-11-30 02:57:23 -0500
Processing by EventsController#notify_participants as */*
  Parameters: {"participant"=>{"2504"=>"peter doherty&ethagnawl@gmail.com"}}
WARNING: Can't verify CSRF token authenticity
{"2504"=>"peter doherty&ethagnawl@gmail.com"}
  Rendered text template (0.0ms)
Completed 200 OK in 999ms (Views: 4.2ms)


Started GET "/events/new" for 127.0.0.1 at 2012-11-30 03:37:30 -0500
Processing by EventsController#new as HTML
  Rendered events/new.html.haml within layouts/application (2.8ms)
Completed 200 OK in 88ms (Views: 88.0ms)


Started POST "/notify-participants" for 127.0.0.1 at 2012-11-30 03:37:41 -0500
Processing by EventsController#notify_participants as */*
  Parameters: {"participant"=>{"7900"=>"foobar&test@test.com"}}
WARNING: Can't verify CSRF token authenticity
{"7900"=>"foobar&test@test.com"}
  Rendered text template (0.0ms)
Completed 200 OK in 502ms (Views: 3.1ms)
